0 verbose cli C:\Program Files\nodejs\node.exe C:\Users\Acer\AppData\Roaming\nvm\v20.9.0\node_modules\npm\bin\npm-cli.js
1 info using npm@10.8.1
2 info using node@v20.9.0
3 silly config load:file:C:\Users\Acer\AppData\Roaming\nvm\v20.9.0\node_modules\npm\npmrc
4 silly config load:file:D:\Projects\cwh\my-app\.npmrc
5 silly config load:file:C:\Users\Acer\.npmrc
6 silly config load:file:C:\Program Files\nodejs\etc\npmrc
7 verbose title npm exec shadcn@latest add button
8 verbose argv "exec" "--" "shadcn@latest" "add" "button"
9 verbose logfile logs-max:10 dir:D:\Projects\cwh\my-app\Projectsnpm-cache\_logs\2024-09-13T12_39_30_027Z-
10 verbose logfile D:\Projects\cwh\my-app\Projectsnpm-cache\_logs\2024-09-13T12_39_30_027Z-debug-0.log
11 silly logfile done cleaning log files
12 silly packumentCache heap:2197815296 maxSize:549453824 maxEntrySize:274726912
13 http fetch GET 200 https://registry.npmjs.org/shadcn 297ms (cache revalidated)
14 silly packumentCache heap:2197815296 maxSize:549453824 maxEntrySize:274726912
15 silly packumentCache heap:2197815296 maxSize:549453824 maxEntrySize:274726912
16 verbose cwd D:\Projects\cwh\my-app
17 verbose os Windows_NT 10.0.22621
18 verbose node v20.9.0
19 verbose npm  v10.8.1
20 verbose exit 0
21 info ok
