0 verbose cli C:\Program Files\nodejs\node.exe C:\Users\Acer\AppData\Roaming\nvm\v20.9.0\node_modules\npm\bin\npm-cli.js
1 info using npm@10.8.1
2 info using node@v20.9.0
3 silly config load:file:C:\Users\Acer\AppData\Roaming\nvm\v20.9.0\node_modules\npm\npmrc
4 silly config load:file:D:\Projects\cwh\my-app\.npmrc
5 silly config load:file:C:\Users\Acer\.npmrc
6 silly config load:file:C:\Program Files\nodejs\etc\npmrc
7 verbose title npm exec create-next-app@latest
8 verbose argv "exec" "--" "create-next-app@latest"
9 verbose logfile logs-max:10 dir:D:\Projects\cwh\my-app\Projectsnpm-cache\_logs\2024-09-13T12_05_38_032Z-
10 verbose logfile D:\Projects\cwh\my-app\Projectsnpm-cache\_logs\2024-09-13T12_05_38_032Z-debug-0.log
11 silly logfile done cleaning log files
12 silly packumentCache heap:2197815296 maxSize:549453824 maxEntrySize:274726912
13 http fetch GET 200 https://registry.npmjs.org/create-next-app 502ms (cache miss)
14 silly packumentCache heap:2197815296 maxSize:549453824 maxEntrySize:274726912
15 silly packumentCache heap:2197815296 maxSize:549453824 maxEntrySize:274726912
16 silly idealTree buildDeps
17 silly fetch manifest create-next-app@14.2.11
18 silly packumentCache full:https://registry.npmjs.org/create-next-app cache-miss
19 http fetch GET 200 https://registry.npmjs.org/create-next-app 371ms (cache miss)
20 silly packumentCache full:https://registry.npmjs.org/create-next-app set size:undefined disposed:false
21 silly placeDep ROOT create-next-app@14.2.11 OK for:  want: 14.2.11
22 silly reify moves {}
23 silly audit bulk request { 'create-next-app': [ '14.2.11' ] }
24 silly tarball no local data for create-next-app@https://registry.npmjs.org/create-next-app/-/create-next-app-14.2.11.tgz. Extracting by manifest.
25 http fetch POST 200 https://registry.npmjs.org/-/npm/v1/security/advisories/bulk 286ms
26 silly audit report {}
27 http fetch GET 200 https://registry.npmjs.org/create-next-app/-/create-next-app-14.2.11.tgz 532ms (cache miss)
28 verbose cwd D:\Projects\cwh\my-app
29 verbose os Windows_NT 10.0.22621
30 verbose node v20.9.0
31 verbose npm  v10.8.1
32 verbose exit 1
33 verbose code 1
