0 verbose cli C:\Program Files\nodejs\node.exe C:\Program Files\nodejs\node_modules\npm\bin\npm-cli.js
1 info using npm@10.8.1
2 info using node@v20.9.0
3 silly config load:file:C:\Users\Acer\AppData\Roaming\nvm\v20.9.0\node_modules\npm\npmrc
4 silly config load:file:D:\Projects\cwh\my-app\.npmrc
5 silly config load:file:C:\Users\Acer\.npmrc
6 silly config load:file:C:\Program Files\nodejs\etc\npmrc
7 verbose title npm install react-icons
8 verbose argv "install" "react-icons"
9 verbose logfile logs-max:10 dir:D:\Projects\cwh\my-app\Projectsnpm-cache\_logs\2024-09-15T02_20_02_729Z-
10 verbose logfile D:\Projects\cwh\my-app\Projectsnpm-cache\_logs\2024-09-15T02_20_02_729Z-debug-0.log
11 silly packumentCache heap:2197815296 maxSize:549453824 maxEntrySize:274726912
12 silly logfile done cleaning log files
13 silly idealTree buildDeps
14 silly fetch manifest react-icons@*
15 silly packumentCache full:https://registry.npmjs.org/react-icons cache-miss
16 http fetch GET 200 https://registry.npmjs.org/react-icons 488ms (cache miss)
17 silly packumentCache full:https://registry.npmjs.org/react-icons set size:undefined disposed:false
18 silly fetch manifest react@^18
19 silly packumentCache full:https://registry.npmjs.org/react cache-miss
20 http fetch GET 200 https://registry.npmjs.org/react 168ms (cache revalidated)
21 silly packumentCache full:https://registry.npmjs.org/react set size:4940395 disposed:false
22 silly placeDep ROOT react-icons@5.3.0 OK for: my-app@0.1.0 want: *
23 silly reify moves {}
24 silly audit bulk request {
24 silly audit   '@alloc/quick-lru': [ '5.2.0' ],
24 silly audit   '@eslint-community/eslint-utils': [ '4.4.0' ],
24 silly audit   '@eslint-community/regexpp': [ '4.11.0' ],
24 silly audit   '@eslint/eslintrc': [ '2.1.4' ],
24 silly audit   '@eslint/js': [ '8.57.0' ],
24 silly audit   '@humanwhocodes/config-array': [ '0.11.14' ],
24 silly audit   '@humanwhocodes/module-importer': [ '1.0.1' ],
24 silly audit   '@humanwhocodes/object-schema': [ '2.0.3' ],
24 silly audit   '@isaacs/cliui': [ '8.0.2' ],
24 silly audit   'ansi-regex': [ '6.1.0', '5.0.1' ],
24 silly audit   'strip-ansi': [ '7.1.0', '6.0.1' ],
24 silly audit   '@jridgewell/gen-mapping': [ '0.3.5' ],
24 silly audit   '@jridgewell/resolve-uri': [ '3.1.2' ],
24 silly audit   '@jridgewell/set-array': [ '1.2.1' ],
24 silly audit   '@jridgewell/sourcemap-codec': [ '1.5.0' ],
24 silly audit   '@jridgewell/trace-mapping': [ '0.3.25' ],
24 silly audit   '@next/env': [ '14.2.11' ],
24 silly audit   '@next/eslint-plugin-next': [ '14.2.11' ],
24 silly audit   '@next/swc-darwin-arm64': [ '14.2.11' ],
24 silly audit   '@next/swc-darwin-x64': [ '14.2.11' ],
24 silly audit   '@next/swc-linux-arm64-gnu': [ '14.2.11' ],
24 silly audit   '@next/swc-linux-arm64-musl': [ '14.2.11' ],
24 silly audit   '@next/swc-linux-x64-gnu': [ '14.2.11' ],
24 silly audit   '@next/swc-linux-x64-musl': [ '14.2.11' ],
24 silly audit   '@next/swc-win32-arm64-msvc': [ '14.2.11' ],
24 silly audit   '@next/swc-win32-ia32-msvc': [ '14.2.11' ],
24 silly audit   '@next/swc-win32-x64-msvc': [ '14.2.11' ],
24 silly audit   '@nodelib/fs.scandir': [ '2.1.5' ],
24 silly audit   '@nodelib/fs.stat': [ '2.0.5' ],
24 silly audit   '@nodelib/fs.walk': [ '1.2.8' ],
24 silly audit   '@nolyfill/is-core-module': [ '1.0.39' ],
24 silly audit   '@pkgjs/parseargs': [ '0.11.0' ],
24 silly audit   '@radix-ui/react-compose-refs': [ '1.1.0' ],
24 silly audit   '@radix-ui/react-icons': [ '1.3.0' ],
24 silly audit   '@radix-ui/react-slot': [ '1.1.0' ],
24 silly audit   '@rtsao/scc': [ '1.1.0' ],
24 silly audit   '@rushstack/eslint-patch': [ '1.10.4' ],
24 silly audit   '@swc/counter': [ '0.1.3' ],
24 silly audit   '@swc/helpers': [ '0.5.5' ],
24 silly audit   '@types/json-schema': [ '7.0.15' ],
24 silly audit   '@types/json5': [ '0.0.29' ],
24 silly audit   '@types/node': [ '20.16.5' ],
24 silly audit   '@types/prop-types': [ '15.7.12' ],
24 silly audit   '@types/react': [ '18.3.5' ],
24 silly audit   '@types/react-dom': [ '18.3.0' ],
24 silly audit   '@types/semver': [ '7.5.8' ],
24 silly audit   '@typescript-eslint/eslint-plugin': [ '7.2.0' ],
24 silly audit   '@typescript-eslint/parser': [ '7.2.0' ],
24 silly audit   '@typescript-eslint/scope-manager': [ '7.2.0' ],
24 silly audit   '@typescript-eslint/type-utils': [ '7.2.0' ],
24 silly audit   '@typescript-eslint/types': [ '7.2.0' ],
24 silly audit   '@typescript-eslint/typescript-estree': [ '7.2.0' ],
24 silly audit   'brace-expansion': [ '2.0.1', '1.1.11' ],
24 silly audit   minimatch: [ '9.0.3', '9.0.5', '3.1.2' ],
24 silly audit   '@typescript-eslint/utils': [ '7.2.0' ],
24 silly audit   '@typescript-eslint/visitor-keys': [ '7.2.0' ],
24 silly audit   '@ungap/structured-clone': [ '1.2.0' ],
24 silly audit   acorn: [ '8.12.1' ],
24 silly audit   'acorn-jsx': [ '5.3.2' ],
24 silly audit   ajv: [ '6.12.6' ],
24 silly audit   'ansi-styles': [ '4.3.0', '6.2.1' ],
24 silly audit   'any-promise': [ '1.3.0' ],
24 silly audit   anymatch: [ '3.1.3' ],
24 silly audit   arg: [ '5.0.2' ],
24 silly audit   argparse: [ '2.0.1' ],
24 silly audit   'aria-query': [ '5.1.3' ],
24 silly audit   'array-buffer-byte-length': [ '1.0.1' ],
24 silly audit   'array-includes': [ '3.1.8' ],
24 silly audit   'array-union': [ '2.1.0' ],
24 silly audit   'array.prototype.findlast': [ '1.2.5' ],
24 silly audit   'array.prototype.findlastindex': [ '1.2.5' ],
24 silly audit   'array.prototype.flat': [ '1.3.2' ],
24 silly audit   'array.prototype.flatmap': [ '1.3.2' ],
24 silly audit   'array.prototype.tosorted': [ '1.1.4' ],
24 silly audit   'arraybuffer.prototype.slice': [ '1.0.3' ],
24 silly audit   'ast-types-flow': [ '0.0.8' ],
24 silly audit   'available-typed-arrays': [ '1.0.7' ],
24 silly audit   'axe-core': [ '4.10.0' ],
24 silly audit   'axobject-query': [ '4.1.0' ],
24 silly audit   'balanced-match': [ '1.0.2' ],
24 silly audit   'binary-extensions': [ '2.3.0' ],
24 silly audit   braces: [ '3.0.3' ],
24 silly audit   busboy: [ '1.6.0' ],
24 silly audit   'call-bind': [ '1.0.7' ],
24 silly audit   callsites: [ '3.1.0' ],
24 silly audit   'camelcase-css': [ '2.0.1' ],
24 silly audit   'caniuse-lite': [ '1.0.30001660' ],
24 silly audit   chalk: [ '4.1.2' ],
24 silly audit   chokidar: [ '3.6.0' ],
24 silly audit   'glob-parent': [ '5.1.2', '6.0.2' ],
24 silly audit   'class-variance-authority': [ '0.7.0' ],
24 silly audit   clsx: [ '2.0.0', '2.1.1' ],
24 silly audit   'client-only': [ '0.0.1' ],
24 silly audit   'color-convert': [ '2.0.1' ],
24 silly audit   'color-name': [ '1.1.4' ],
24 silly audit   commander: [ '4.1.1' ],
24 silly audit   'concat-map': [ '0.0.1' ],
24 silly audit   'cross-spawn': [ '7.0.3' ],
24 silly audit   cssesc: [ '3.0.0' ],
24 silly audit   csstype: [ '3.1.3' ],
24 silly audit   'damerau-levenshtein': [ '1.0.8' ],
24 silly audit   'data-view-buffer': [ '1.0.1' ],
24 silly audit   'data-view-byte-length': [ '1.0.1' ],
24 silly audit   'data-view-byte-offset': [ '1.0.0' ],
24 silly audit   debug: [ '4.3.7', '3.2.7' ],
24 silly audit   'deep-equal': [ '2.2.3' ],
24 silly audit   'deep-is': [ '0.1.4' ],
24 silly audit   'define-data-property': [ '1.1.4' ],
24 silly audit   'define-properties': [ '1.2.1' ],
24 silly audit   didyoumean: [ '1.2.2' ],
24 silly audit   'dir-glob': [ '3.0.1' ],
24 silly audit   dlv: [ '1.1.3' ],
24 silly audit   doctrine: [ '3.0.0', '2.1.0' ],
24 silly audit   eastasianwidth: [ '0.2.0' ],
24 silly audit   'embla-carousel': [ '8.3.0' ],
24 silly audit   'embla-carousel-react': [ '8.3.0' ],
24 silly audit   'embla-carousel-reactive-utils': [ '8.3.0' ],
24 silly audit   'emoji-regex': [ '9.2.2', '8.0.0' ],
24 silly audit   'enhanced-resolve': [ '5.17.1' ],
24 silly audit   'es-abstract': [ '1.23.3' ],
24 silly audit   'es-define-property': [ '1.0.0' ],
24 silly audit   'es-errors': [ '1.3.0' ],
24 silly audit   'es-get-iterator': [ '1.1.3' ],
24 silly audit   'es-iterator-helpers': [ '1.0.19' ],
24 silly audit   'es-object-atoms': [ '1.0.0' ],
24 silly audit   'es-set-tostringtag': [ '2.0.3' ],
24 silly audit   'es-shim-unscopables': [ '1.0.2' ],
24 silly audit   'es-to-primitive': [ '1.2.1' ],
24 silly audit   'escape-string-regexp': [ '4.0.0' ],
24 silly audit   eslint: [ '8.57.0' ],
24 silly audit   'eslint-config-next': [ '14.2.11' ],
24 silly audit   'eslint-import-resolver-node': [ '0.3.9' ],
24 silly audit   'eslint-import-resolver-typescript': [ '3.6.3' ],
24 silly audit   'eslint-module-utils': [ '2.11.0' ],
24 silly audit   'eslint-plugin-import': [ '2.30.0' ],
24 silly audit   semver: [ '6.3.1', '7.6.3' ],
24 silly audit   'eslint-plugin-jsx-a11y': [ '6.10.0' ],
24 silly audit   'eslint-plugin-react': [ '7.36.1' ],
24 silly audit   'eslint-plugin-react-hooks': [ '4.6.2' ],
24 silly audit   resolve: [ '2.0.0-next.5', '1.22.8' ],
24 silly audit   'eslint-scope': [ '7.2.2' ],
24 silly audit   'eslint-visitor-keys': [ '3.4.3' ],
24 silly audit   espree: [ '9.6.1' ],
24 silly audit   esquery: [ '1.6.0' ],
24 silly audit   esrecurse: [ '4.3.0' ],
24 silly audit   estraverse: [ '5.3.0' ],
24 silly audit   esutils: [ '2.0.3' ],
24 silly audit   'fast-deep-equal': [ '3.1.3' ],
24 silly audit   'fast-glob': [ '3.3.2' ],
24 silly audit   'fast-json-stable-stringify': [ '2.1.0' ],
24 silly audit   'fast-levenshtein': [ '2.0.6' ],
24 silly audit   fastq: [ '1.17.1' ],
24 silly audit   'file-entry-cache': [ '6.0.1' ],
24 silly audit   'fill-range': [ '7.1.1' ],
24 silly audit   'find-up': [ '5.0.0' ],
24 silly audit   'flat-cache': [ '3.2.0' ],
24 silly audit   flatted: [ '3.3.1' ],
24 silly audit   'for-each': [ '0.3.3' ],
24 silly audit   'foreground-child': [ '3.3.0' ],
24 silly audit   'fs.realpath': [ '1.0.0' ],
24 silly audit   fsevents: [ '2.3.3' ],
24 silly audit   'function-bind': [ '1.1.2' ],
24 silly audit   'function.prototype.name': [ '1.1.6' ],
24 silly audit   'functions-have-names': [ '1.2.3' ],
24 silly audit   'get-intrinsic': [ '1.2.4' ],
24 silly audit   'get-symbol-description': [ '1.0.2' ],
24 silly audit   'get-tsconfig': [ '4.8.1' ],
24 silly audit   glob: [ '10.3.10', '7.2.3' ],
24 silly audit   globals: [ '13.24.0' ],
24 silly audit   globalthis: [ '1.0.4' ],
24 silly audit   globby: [ '11.1.0' ],
24 silly audit   gopd: [ '1.0.1' ],
24 silly audit   'graceful-fs': [ '4.2.11' ],
24 silly audit   graphemer: [ '1.4.0' ],
24 silly audit   'has-bigints': [ '1.0.2' ],
24 silly audit   'has-flag': [ '4.0.0' ],
24 silly audit   'has-property-descriptors': [ '1.0.2' ],
24 silly audit   'has-proto': [ '1.0.3' ],
24 silly audit   'has-symbols': [ '1.0.3' ],
24 silly audit   'has-tostringtag': [ '1.0.2' ],
24 silly audit   hasown: [ '2.0.2' ],
24 silly audit   ignore: [ '5.3.2' ],
24 silly audit   'import-fresh': [ '3.3.0' ],
24 silly audit   imurmurhash: [ '0.1.4' ],
24 silly audit   inflight: [ '1.0.6' ],
24 silly audit   inherits: [ '2.0.4' ],
24 silly audit   'internal-slot': [ '1.0.7' ],
24 silly audit   'is-arguments': [ '1.1.1' ],
24 silly audit   'is-array-buffer': [ '3.0.4' ],
24 silly audit   'is-async-function': [ '2.0.0' ],
24 silly audit   'is-bigint': [ '1.0.4' ],
24 silly audit   'is-binary-path': [ '2.1.0' ],
24 silly audit   'is-boolean-object': [ '1.1.2' ],
24 silly audit   'is-bun-module': [ '1.2.1' ],
24 silly audit   'is-callable': [ '1.2.7' ],
24 silly audit   'is-core-module': [ '2.15.1' ],
24 silly audit   'is-data-view': [ '1.0.1' ],
24 silly audit   'is-date-object': [ '1.0.5' ],
24 silly audit   'is-extglob': [ '2.1.1' ],
24 silly audit   'is-finalizationregistry': [ '1.0.2' ],
24 silly audit   'is-fullwidth-code-point': [ '3.0.0' ],
24 silly audit   'is-generator-function': [ '1.0.10' ],
24 silly audit   'is-glob': [ '4.0.3' ],
24 silly audit   'is-map': [ '2.0.3' ],
24 silly audit   'is-negative-zero': [ '2.0.3' ],
24 silly audit   'is-number': [ '7.0.0' ],
24 silly audit   'is-number-object': [ '1.0.7' ],
24 silly audit   'is-path-inside': [ '3.0.3' ],
24 silly audit   'is-regex': [ '1.1.4' ],
24 silly audit   'is-set': [ '2.0.3' ],
24 silly audit   'is-shared-array-buffer': [ '1.0.3' ],
24 silly audit   'is-string': [ '1.0.7' ],
24 silly audit   'is-symbol': [ '1.0.4' ],
24 silly audit   'is-typed-array': [ '1.1.13' ],
24 silly audit   'is-weakmap': [ '2.0.2' ],
24 silly audit   'is-weakref': [ '1.0.2' ],
24 silly audit   'is-weakset': [ '2.0.3' ],
24 silly audit   isarray: [ '2.0.5' ],
24 silly audit   isexe: [ '2.0.0' ],
24 silly audit   'iterator.prototype': [ '1.1.2' ],
24 silly audit   jackspeak: [ '2.3.6' ],
24 silly audit   jiti: [ '1.21.6' ],
24 silly audit   'js-tokens': [ '4.0.0' ],
24 silly audit   'js-yaml': [ '4.1.0' ],
24 silly audit   'json-buffer': [ '3.0.1' ],
24 silly audit   'json-schema-traverse': [ '0.4.1' ],
24 silly audit   'json-stable-stringify-without-jsonify': [ '1.0.1' ],
24 silly audit   json5: [ '1.0.2' ],
24 silly audit   'jsx-ast-utils': [ '3.3.5' ],
24 silly audit   keyv: [ '4.5.4' ],
24 silly audit   'language-subtag-registry': [ '0.3.23' ],
24 silly audit   'language-tags': [ '1.0.9' ],
24 silly audit   levn: [ '0.4.1' ],
24 silly audit   lilconfig: [ '2.1.0', '3.1.2' ],
24 silly audit   'lines-and-columns': [ '1.2.4' ],
24 silly audit   'locate-path': [ '6.0.0' ],
24 silly audit   'lodash.merge': [ '4.6.2' ],
24 silly audit   'loose-envify': [ '1.4.0' ],
24 silly audit   'lru-cache': [ '10.4.3' ],
24 silly audit   'lucide-react': [ '0.441.0' ],
24 silly audit   merge2: [ '1.4.1' ],
24 silly audit   micromatch: [ '4.0.8' ],
24 silly audit   minimist: [ '1.2.8' ],
24 silly audit   minipass: [ '7.1.2' ],
24 silly audit   ms: [ '2.1.3' ],
24 silly audit   mz: [ '2.7.0' ],
24 silly audit   nanoid: [ '3.3.7' ],
24 silly audit   'natural-compare': [ '1.4.0' ],
24 silly audit   next: [ '14.2.11' ],
24 silly audit   postcss: [ '8.4.31', '8.4.45' ],
24 silly audit   'normalize-path': [ '3.0.0' ],
24 silly audit   'object-assign': [ '4.1.1' ],
24 silly audit   'object-hash': [ '3.0.0' ],
24 silly audit   'object-inspect': [ '1.13.2' ],
24 silly audit   'object-is': [ '1.1.6' ],
24 silly audit   'object-keys': [ '1.1.1' ],
24 silly audit   'object.assign': [ '4.1.5' ],
24 silly audit   'object.entries': [ '1.1.8' ],
24 silly audit   'object.fromentries': [ '2.0.8' ],
24 silly audit   'object.groupby': [ '1.0.3' ],
24 silly audit   'object.values': [ '1.2.0' ],
24 silly audit   once: [ '1.4.0' ],
24 silly audit   optionator: [ '0.9.4' ],
24 silly audit   'p-limit': [ '3.1.0' ],
24 silly audit   'p-locate': [ '5.0.0' ],
24 silly audit   'parent-module': [ '1.0.1' ],
24 silly audit   'path-exists': [ '4.0.0' ],
24 silly audit   'path-is-absolute': [ '1.0.1' ],
24 silly audit   'path-key': [ '3.1.1' ],
24 silly audit   'path-parse': [ '1.0.7' ],
24 silly audit   'path-scurry': [ '1.11.1' ],
24 silly audit   'path-type': [ '4.0.0' ],
24 silly audit   picocolors: [ '1.1.0' ],
24 silly audit   picomatch: [ '2.3.1' ],
24 silly audit   pify: [ '2.3.0' ],
24 silly audit   pirates: [ '4.0.6' ],
24 silly audit   'possible-typed-array-names': [ '1.0.0' ],
24 silly audit   'postcss-import': [ '15.1.0' ],
24 silly audit   'postcss-js': [ '4.0.1' ],
24 silly audit   'postcss-load-config': [ '4.0.2' ],
24 silly audit   'postcss-nested': [ '6.2.0' ],
24 silly audit   'postcss-selector-parser': [ '6.1.2' ],
24 silly audit   'postcss-value-parser': [ '4.2.0' ],
24 silly audit   'prelude-ls': [ '1.2.1' ],
24 silly audit   'prop-types': [ '15.8.1' ],
24 silly audit   punycode: [ '2.3.1' ],
24 silly audit   'queue-microtask': [ '1.2.3' ],
24 silly audit   react: [ '18.3.1' ],
24 silly audit   'react-dom': [ '18.3.1' ],
24 silly audit   'react-is': [ '16.13.1' ],
24 silly audit   'read-cache': [ '1.0.0' ],
24 silly audit   readdirp: [ '3.6.0' ],
24 silly audit   'reflect.getprototypeof': [ '1.0.6' ],
24 silly audit   'regexp.prototype.flags': [ '1.5.2' ],
24 silly audit   'resolve-from': [ '4.0.0' ],
24 silly audit   'resolve-pkg-maps': [ '1.0.0' ],
24 silly audit   reusify: [ '1.0.4' ],
24 silly audit   rimraf: [ '3.0.2' ],
24 silly audit   'run-parallel': [ '1.2.0' ],
24 silly audit   'safe-array-concat': [ '1.1.2' ],
24 silly audit   'safe-regex-test': [ '1.0.3' ],
24 silly audit   scheduler: [ '0.23.2' ],
24 silly audit   'set-function-length': [ '1.2.2' ],
24 silly audit   'set-function-name': [ '2.0.2' ],
24 silly audit   'shebang-command': [ '2.0.0' ],
24 silly audit   'shebang-regex': [ '3.0.0' ],
24 silly audit   'side-channel': [ '1.0.6' ],
24 silly audit   'signal-exit': [ '4.1.0' ],
24 silly audit   slash: [ '3.0.0' ],
24 silly audit   'source-map-js': [ '1.2.1' ],
24 silly audit   'stop-iteration-iterator': [ '1.0.0' ],
24 silly audit   streamsearch: [ '1.1.0' ],
24 silly audit   'string-width': [ '5.1.2', '4.2.3' ],
24 silly audit   'string.prototype.includes': [ '2.0.0' ],
24 silly audit   'string.prototype.matchall': [ '4.0.11' ],
24 silly audit   'string.prototype.repeat': [ '1.0.0' ],
24 silly audit   'string.prototype.trim': [ '1.2.9' ],
24 silly audit   'string.prototype.trimend': [ '1.0.8' ],
24 silly audit   'string.prototype.trimstart': [ '1.0.8' ],
24 silly audit   'strip-bom': [ '3.0.0' ],
24 silly audit   'strip-json-comments': [ '3.1.1' ],
24 silly audit   'styled-jsx': [ '5.1.1' ],
24 silly audit   sucrase: [ '3.35.0' ],
24 silly audit   'supports-color': [ '7.2.0' ],
24 silly audit   'supports-preserve-symlinks-flag': [ '1.0.0' ],
24 silly audit   'tailwind-merge': [ '2.5.2' ],
24 silly audit   tailwindcss: [ '3.4.11' ],
24 silly audit   'tailwindcss-animate': [ '1.0.7' ],
24 silly audit   tapable: [ '2.2.1' ],
24 silly audit   'text-table': [ '0.2.0' ],
24 silly audit   thenify: [ '3.3.1' ],
24 silly audit   'thenify-all': [ '1.6.0' ],
24 silly audit   'to-regex-range': [ '5.0.1' ],
24 silly audit   'ts-api-utils': [ '1.3.0' ],
24 silly audit   'ts-interface-checker': [ '0.1.13' ],
24 silly audit   'tsconfig-paths': [ '3.15.0' ],
24 silly audit   tslib: [ '2.7.0' ],
24 silly audit   'type-check': [ '0.4.0' ],
24 silly audit   'type-fest': [ '0.20.2' ],
24 silly audit   'typed-array-buffer': [ '1.0.2' ],
24 silly audit   'typed-array-byte-length': [ '1.0.1' ],
24 silly audit   'typed-array-byte-offset': [ '1.0.2' ],
24 silly audit   'typed-array-length': [ '1.0.6' ],
24 silly audit   typescript: [ '5.6.2' ],
24 silly audit   'unbox-primitive': [ '1.0.2' ],
24 silly audit   'undici-types': [ '6.19.8' ],
24 silly audit   'uri-js': [ '4.4.1' ],
24 silly audit   'util-deprecate': [ '1.0.2' ],
24 silly audit   which: [ '2.0.2' ],
24 silly audit   'which-boxed-primitive': [ '1.0.2' ],
24 silly audit   'which-builtin-type': [ '1.1.4' ],
24 silly audit   'which-collection': [ '1.0.2' ],
24 silly audit   'which-typed-array': [ '1.1.15' ],
24 silly audit   'word-wrap': [ '1.2.5' ],
24 silly audit   'wrap-ansi': [ '8.1.0', '7.0.0' ],
24 silly audit   wrappy: [ '1.0.2' ],
24 silly audit   yaml: [ '2.5.1' ],
24 silly audit   'yocto-queue': [ '0.1.0' ],
24 silly audit   'react-icons': [ '5.3.0' ]
24 silly audit }
25 verbose reify failed optional dependency D:\Projects\cwh\my-app\node_modules\fsevents
26 silly reify mark deleted [ 'D:\\Projects\\cwh\\my-app\\node_modules\\fsevents' ]
27 verbose reify failed optional dependency D:\Projects\cwh\my-app\node_modules\@next\swc-win32-ia32-msvc
28 silly reify mark deleted [
28 silly reify   'D:\\Projects\\cwh\\my-app\\node_modules\\@next\\swc-win32-ia32-msvc'
28 silly reify ]
29 verbose reify failed optional dependency D:\Projects\cwh\my-app\node_modules\@next\swc-win32-arm64-msvc
30 silly reify mark deleted [
30 silly reify   'D:\\Projects\\cwh\\my-app\\node_modules\\@next\\swc-win32-arm64-msvc'
30 silly reify ]
31 verbose reify failed optional dependency D:\Projects\cwh\my-app\node_modules\@next\swc-linux-x64-musl
32 silly reify mark deleted [
32 silly reify   'D:\\Projects\\cwh\\my-app\\node_modules\\@next\\swc-linux-x64-musl'
32 silly reify ]
33 verbose reify failed optional dependency D:\Projects\cwh\my-app\node_modules\@next\swc-linux-x64-gnu
34 silly reify mark deleted [ 'D:\\Projects\\cwh\\my-app\\node_modules\\@next\\swc-linux-x64-gnu' ]
35 verbose reify failed optional dependency D:\Projects\cwh\my-app\node_modules\@next\swc-linux-arm64-musl
36 silly reify mark deleted [
36 silly reify   'D:\\Projects\\cwh\\my-app\\node_modules\\@next\\swc-linux-arm64-musl'
36 silly reify ]
37 verbose reify failed optional dependency D:\Projects\cwh\my-app\node_modules\@next\swc-linux-arm64-gnu
38 silly reify mark deleted [
38 silly reify   'D:\\Projects\\cwh\\my-app\\node_modules\\@next\\swc-linux-arm64-gnu'
38 silly reify ]
39 verbose reify failed optional dependency D:\Projects\cwh\my-app\node_modules\@next\swc-darwin-x64
40 silly reify mark deleted [ 'D:\\Projects\\cwh\\my-app\\node_modules\\@next\\swc-darwin-x64' ]
41 verbose reify failed optional dependency D:\Projects\cwh\my-app\node_modules\@next\swc-darwin-arm64
42 silly reify mark deleted [ 'D:\\Projects\\cwh\\my-app\\node_modules\\@next\\swc-darwin-arm64' ]
43 silly tarball no local data for react-icons@https://registry.npmjs.org/react-icons/-/react-icons-5.3.0.tgz. Extracting by manifest.
44 http fetch POST 200 https://registry.npmjs.org/-/npm/v1/security/advisories/bulk 451ms
45 silly audit report {}
46 http fetch GET 200 https://registry.npmjs.org/react-icons/-/react-icons-5.3.0.tgz 15096ms (cache miss)
47 silly ADD node_modules/react-icons
48 silly ADD
49 silly ADD
50 silly ADD
51 silly ADD
52 silly ADD
53 silly ADD
54 silly ADD
55 silly ADD
56 silly ADD
57 verbose cwd D:\Projects\cwh\my-app
58 verbose os Windows_NT 10.0.22621
59 verbose node v20.9.0
60 verbose npm  v10.8.1
61 verbose exit 0
62 info ok
