0 verbose cli C:\Program Files\nodejs\node.exe C:\Program Files\nodejs\node_modules\npm\bin\npm-cli.js
1 info using npm@10.8.1
2 info using node@v20.9.0
3 silly config load:file:C:\Users\Acer\AppData\Roaming\nvm\v20.9.0\node_modules\npm\npmrc
4 silly config load:file:D:\Projects\cwh\my-app\.npmrc
5 silly config load:file:C:\Users\Acer\.npmrc
6 silly config load:file:C:\Program Files\nodejs\etc\npmrc
7 verbose title npm install tailwindcss-animate class-variance-authority lucide-react @radix-ui/react-icons clsx tailwind-merge
8 verbose argv "install" "tailwindcss-animate" "class-variance-authority" "lucide-react" "@radix-ui/react-icons" "clsx" "tailwind-merge"
9 verbose logfile logs-max:10 dir:D:\Projects\cwh\my-app\Projectsnpm-cache\_logs\2024-09-13T12_08_49_229Z-
10 verbose logfile D:\Projects\cwh\my-app\Projectsnpm-cache\_logs\2024-09-13T12_08_49_229Z-debug-0.log
11 silly packumentCache heap:2197815296 maxSize:549453824 maxEntrySize:274726912
12 silly logfile done cleaning log files
13 silly idealTree buildDeps
14 silly fetch manifest tailwindcss-animate@*
15 silly packumentCache full:https://registry.npmjs.org/tailwindcss-animate cache-miss
16 http fetch GET 200 https://registry.npmjs.org/tailwindcss-animate 436ms (cache miss)
17 silly packumentCache full:https://registry.npmjs.org/tailwindcss-animate set size:undefined disposed:false
18 silly fetch manifest tailwindcss@^3.4.1
19 silly packumentCache full:https://registry.npmjs.org/tailwindcss cache-miss
20 http fetch GET 200 https://registry.npmjs.org/tailwindcss 299ms (cache miss)
21 silly packumentCache full:https://registry.npmjs.org/tailwindcss set size:undefined disposed:false
22 silly fetch manifest class-variance-authority@*
23 silly packumentCache full:https://registry.npmjs.org/class-variance-authority cache-miss
24 http fetch GET 200 https://registry.npmjs.org/class-variance-authority 62ms (cache miss)
25 silly packumentCache full:https://registry.npmjs.org/class-variance-authority set size:undefined disposed:false
26 silly fetch manifest lucide-react@*
27 silly packumentCache full:https://registry.npmjs.org/lucide-react cache-miss
28 http fetch GET 200 https://registry.npmjs.org/lucide-react 928ms (cache miss)
29 silly packumentCache full:https://registry.npmjs.org/lucide-react set size:undefined disposed:false
30 silly fetch manifest react@^18
31 silly packumentCache full:https://registry.npmjs.org/react cache-miss
32 http fetch GET 200 https://registry.npmjs.org/react 280ms (cache miss)
33 silly packumentCache full:https://registry.npmjs.org/react set size:undefined disposed:false
34 silly fetch manifest @radix-ui/react-icons@*
35 silly packumentCache full:https://registry.npmjs.org/@radix-ui%2freact-icons cache-miss
36 http fetch GET 200 https://registry.npmjs.org/@radix-ui%2freact-icons 1868ms (cache miss)
37 silly packumentCache full:https://registry.npmjs.org/@radix-ui%2freact-icons set size:undefined disposed:false
38 silly fetch manifest clsx@*
39 silly packumentCache full:https://registry.npmjs.org/clsx cache-miss
40 http fetch GET 200 https://registry.npmjs.org/clsx 61ms (cache miss)
41 silly packumentCache full:https://registry.npmjs.org/clsx set size:undefined disposed:false
42 silly fetch manifest tailwind-merge@*
43 silly packumentCache full:https://registry.npmjs.org/tailwind-merge cache-miss
44 http fetch GET 200 https://registry.npmjs.org/tailwind-merge 99ms (cache miss)
45 silly packumentCache full:https://registry.npmjs.org/tailwind-merge set size:undefined disposed:false
46 silly placeDep ROOT @radix-ui/react-icons@1.3.0 OK for: my-app@0.1.0 want: *
47 silly placeDep ROOT class-variance-authority@0.7.0 OK for: my-app@0.1.0 want: *
48 silly placeDep ROOT clsx@2.1.1 OK for: my-app@0.1.0 want: *
49 silly placeDep ROOT lucide-react@0.441.0 OK for: my-app@0.1.0 want: *
50 silly placeDep ROOT tailwind-merge@2.5.2 OK for: my-app@0.1.0 want: *
51 silly placeDep ROOT tailwindcss-animate@1.0.7 OK for: my-app@0.1.0 want: *
52 silly fetch manifest clsx@2.0.0
53 silly packumentCache full:https://registry.npmjs.org/clsx cache-miss
54 http fetch GET 200 https://registry.npmjs.org/clsx 34ms (cache hit)
55 silly packumentCache full:https://registry.npmjs.org/clsx set size:42489 disposed:false
56 silly placeDep node_modules/class-variance-authority clsx@2.0.0 OK for: class-variance-authority@0.7.0 want: 2.0.0
57 silly reify moves {}
58 silly audit bulk request {
58 silly audit   '@alloc/quick-lru': [ '5.2.0' ],
58 silly audit   '@eslint-community/eslint-utils': [ '4.4.0' ],
58 silly audit   '@eslint-community/regexpp': [ '4.11.0' ],
58 silly audit   '@eslint/eslintrc': [ '2.1.4' ],
58 silly audit   '@eslint/js': [ '8.57.0' ],
58 silly audit   '@humanwhocodes/config-array': [ '0.11.14' ],
58 silly audit   '@humanwhocodes/module-importer': [ '1.0.1' ],
58 silly audit   '@humanwhocodes/object-schema': [ '2.0.3' ],
58 silly audit   '@isaacs/cliui': [ '8.0.2' ],
58 silly audit   'ansi-regex': [ '6.1.0', '5.0.1' ],
58 silly audit   'strip-ansi': [ '7.1.0', '6.0.1' ],
58 silly audit   '@jridgewell/gen-mapping': [ '0.3.5' ],
58 silly audit   '@jridgewell/resolve-uri': [ '3.1.2' ],
58 silly audit   '@jridgewell/set-array': [ '1.2.1' ],
58 silly audit   '@jridgewell/sourcemap-codec': [ '1.5.0' ],
58 silly audit   '@jridgewell/trace-mapping': [ '0.3.25' ],
58 silly audit   '@next/env': [ '14.2.11' ],
58 silly audit   '@next/eslint-plugin-next': [ '14.2.11' ],
58 silly audit   '@next/swc-darwin-arm64': [ '14.2.11' ],
58 silly audit   '@next/swc-darwin-x64': [ '14.2.11' ],
58 silly audit   '@next/swc-linux-arm64-gnu': [ '14.2.11' ],
58 silly audit   '@next/swc-linux-arm64-musl': [ '14.2.11' ],
58 silly audit   '@next/swc-linux-x64-gnu': [ '14.2.11' ],
58 silly audit   '@next/swc-linux-x64-musl': [ '14.2.11' ],
58 silly audit   '@next/swc-win32-arm64-msvc': [ '14.2.11' ],
58 silly audit   '@next/swc-win32-ia32-msvc': [ '14.2.11' ],
58 silly audit   '@next/swc-win32-x64-msvc': [ '14.2.11' ],
58 silly audit   '@nodelib/fs.scandir': [ '2.1.5' ],
58 silly audit   '@nodelib/fs.stat': [ '2.0.5' ],
58 silly audit   '@nodelib/fs.walk': [ '1.2.8' ],
58 silly audit   '@nolyfill/is-core-module': [ '1.0.39' ],
58 silly audit   '@pkgjs/parseargs': [ '0.11.0' ],
58 silly audit   '@rtsao/scc': [ '1.1.0' ],
58 silly audit   '@rushstack/eslint-patch': [ '1.10.4' ],
58 silly audit   '@swc/counter': [ '0.1.3' ],
58 silly audit   '@swc/helpers': [ '0.5.5' ],
58 silly audit   '@types/json-schema': [ '7.0.15' ],
58 silly audit   '@types/json5': [ '0.0.29' ],
58 silly audit   '@types/node': [ '20.16.5' ],
58 silly audit   '@types/prop-types': [ '15.7.12' ],
58 silly audit   '@types/react': [ '18.3.5' ],
58 silly audit   '@types/react-dom': [ '18.3.0' ],
58 silly audit   '@types/semver': [ '7.5.8' ],
58 silly audit   '@typescript-eslint/eslint-plugin': [ '7.2.0' ],
58 silly audit   '@typescript-eslint/parser': [ '7.2.0' ],
58 silly audit   '@typescript-eslint/scope-manager': [ '7.2.0' ],
58 silly audit   '@typescript-eslint/type-utils': [ '7.2.0' ],
58 silly audit   '@typescript-eslint/types': [ '7.2.0' ],
58 silly audit   '@typescript-eslint/typescript-estree': [ '7.2.0' ],
58 silly audit   'brace-expansion': [ '2.0.1', '1.1.11' ],
58 silly audit   minimatch: [ '9.0.3', '9.0.5', '3.1.2' ],
58 silly audit   '@typescript-eslint/utils': [ '7.2.0' ],
58 silly audit   '@typescript-eslint/visitor-keys': [ '7.2.0' ],
58 silly audit   '@ungap/structured-clone': [ '1.2.0' ],
58 silly audit   acorn: [ '8.12.1' ],
58 silly audit   'acorn-jsx': [ '5.3.2' ],
58 silly audit   ajv: [ '6.12.6' ],
58 silly audit   'ansi-styles': [ '4.3.0', '6.2.1' ],
58 silly audit   'any-promise': [ '1.3.0' ],
58 silly audit   anymatch: [ '3.1.3' ],
58 silly audit   arg: [ '5.0.2' ],
58 silly audit   argparse: [ '2.0.1' ],
58 silly audit   'aria-query': [ '5.1.3' ],
58 silly audit   'array-buffer-byte-length': [ '1.0.1' ],
58 silly audit   'array-includes': [ '3.1.8' ],
58 silly audit   'array-union': [ '2.1.0' ],
58 silly audit   'array.prototype.findlast': [ '1.2.5' ],
58 silly audit   'array.prototype.findlastindex': [ '1.2.5' ],
58 silly audit   'array.prototype.flat': [ '1.3.2' ],
58 silly audit   'array.prototype.flatmap': [ '1.3.2' ],
58 silly audit   'array.prototype.tosorted': [ '1.1.4' ],
58 silly audit   'arraybuffer.prototype.slice': [ '1.0.3' ],
58 silly audit   'ast-types-flow': [ '0.0.8' ],
58 silly audit   'available-typed-arrays': [ '1.0.7' ],
58 silly audit   'axe-core': [ '4.10.0' ],
58 silly audit   'axobject-query': [ '4.1.0' ],
58 silly audit   'balanced-match': [ '1.0.2' ],
58 silly audit   'binary-extensions': [ '2.3.0' ],
58 silly audit   braces: [ '3.0.3' ],
58 silly audit   busboy: [ '1.6.0' ],
58 silly audit   'call-bind': [ '1.0.7' ],
58 silly audit   callsites: [ '3.1.0' ],
58 silly audit   'camelcase-css': [ '2.0.1' ],
58 silly audit   'caniuse-lite': [ '1.0.30001660' ],
58 silly audit   chalk: [ '4.1.2' ],
58 silly audit   chokidar: [ '3.6.0' ],
58 silly audit   'glob-parent': [ '5.1.2', '6.0.2' ],
58 silly audit   'client-only': [ '0.0.1' ],
58 silly audit   'color-convert': [ '2.0.1' ],
58 silly audit   'color-name': [ '1.1.4' ],
58 silly audit   commander: [ '4.1.1' ],
58 silly audit   'concat-map': [ '0.0.1' ],
58 silly audit   'cross-spawn': [ '7.0.3' ],
58 silly audit   cssesc: [ '3.0.0' ],
58 silly audit   csstype: [ '3.1.3' ],
58 silly audit   'damerau-levenshtein': [ '1.0.8' ],
58 silly audit   'data-view-buffer': [ '1.0.1' ],
58 silly audit   'data-view-byte-length': [ '1.0.1' ],
58 silly audit   'data-view-byte-offset': [ '1.0.0' ],
58 silly audit   debug: [ '4.3.7', '3.2.7' ],
58 silly audit   'deep-equal': [ '2.2.3' ],
58 silly audit   'deep-is': [ '0.1.4' ],
58 silly audit   'define-data-property': [ '1.1.4' ],
58 silly audit   'define-properties': [ '1.2.1' ],
58 silly audit   didyoumean: [ '1.2.2' ],
58 silly audit   'dir-glob': [ '3.0.1' ],
58 silly audit   dlv: [ '1.1.3' ],
58 silly audit   doctrine: [ '3.0.0', '2.1.0' ],
58 silly audit   eastasianwidth: [ '0.2.0' ],
58 silly audit   'emoji-regex': [ '9.2.2', '8.0.0' ],
58 silly audit   'enhanced-resolve': [ '5.17.1' ],
58 silly audit   'es-abstract': [ '1.23.3' ],
58 silly audit   'es-define-property': [ '1.0.0' ],
58 silly audit   'es-errors': [ '1.3.0' ],
58 silly audit   'es-get-iterator': [ '1.1.3' ],
58 silly audit   'es-iterator-helpers': [ '1.0.19' ],
58 silly audit   'es-object-atoms': [ '1.0.0' ],
58 silly audit   'es-set-tostringtag': [ '2.0.3' ],
58 silly audit   'es-shim-unscopables': [ '1.0.2' ],
58 silly audit   'es-to-primitive': [ '1.2.1' ],
58 silly audit   'escape-string-regexp': [ '4.0.0' ],
58 silly audit   eslint: [ '8.57.0' ],
58 silly audit   'eslint-config-next': [ '14.2.11' ],
58 silly audit   'eslint-import-resolver-node': [ '0.3.9' ],
58 silly audit   'eslint-import-resolver-typescript': [ '3.6.3' ],
58 silly audit   'eslint-module-utils': [ '2.11.0' ],
58 silly audit   'eslint-plugin-import': [ '2.30.0' ],
58 silly audit   semver: [ '6.3.1', '7.6.3' ],
58 silly audit   'eslint-plugin-jsx-a11y': [ '6.10.0' ],
58 silly audit   'eslint-plugin-react': [ '7.36.1' ],
58 silly audit   'eslint-plugin-react-hooks': [ '4.6.2' ],
58 silly audit   resolve: [ '2.0.0-next.5', '1.22.8' ],
58 silly audit   'eslint-scope': [ '7.2.2' ],
58 silly audit   'eslint-visitor-keys': [ '3.4.3' ],
58 silly audit   espree: [ '9.6.1' ],
58 silly audit   esquery: [ '1.6.0' ],
58 silly audit   esrecurse: [ '4.3.0' ],
58 silly audit   estraverse: [ '5.3.0' ],
58 silly audit   esutils: [ '2.0.3' ],
58 silly audit   'fast-deep-equal': [ '3.1.3' ],
58 silly audit   'fast-glob': [ '3.3.2' ],
58 silly audit   'fast-json-stable-stringify': [ '2.1.0' ],
58 silly audit   'fast-levenshtein': [ '2.0.6' ],
58 silly audit   fastq: [ '1.17.1' ],
58 silly audit   'file-entry-cache': [ '6.0.1' ],
58 silly audit   'fill-range': [ '7.1.1' ],
58 silly audit   'find-up': [ '5.0.0' ],
58 silly audit   'flat-cache': [ '3.2.0' ],
58 silly audit   flatted: [ '3.3.1' ],
58 silly audit   'for-each': [ '0.3.3' ],
58 silly audit   'foreground-child': [ '3.3.0' ],
58 silly audit   'fs.realpath': [ '1.0.0' ],
58 silly audit   fsevents: [ '2.3.3' ],
58 silly audit   'function-bind': [ '1.1.2' ],
58 silly audit   'function.prototype.name': [ '1.1.6' ],
58 silly audit   'functions-have-names': [ '1.2.3' ],
58 silly audit   'get-intrinsic': [ '1.2.4' ],
58 silly audit   'get-symbol-description': [ '1.0.2' ],
58 silly audit   'get-tsconfig': [ '4.8.1' ],
58 silly audit   glob: [ '10.3.10', '7.2.3' ],
58 silly audit   globals: [ '13.24.0' ],
58 silly audit   globalthis: [ '1.0.4' ],
58 silly audit   globby: [ '11.1.0' ],
58 silly audit   gopd: [ '1.0.1' ],
58 silly audit   'graceful-fs': [ '4.2.11' ],
58 silly audit   graphemer: [ '1.4.0' ],
58 silly audit   'has-bigints': [ '1.0.2' ],
58 silly audit   'has-flag': [ '4.0.0' ],
58 silly audit   'has-property-descriptors': [ '1.0.2' ],
58 silly audit   'has-proto': [ '1.0.3' ],
58 silly audit   'has-symbols': [ '1.0.3' ],
58 silly audit   'has-tostringtag': [ '1.0.2' ],
58 silly audit   hasown: [ '2.0.2' ],
58 silly audit   ignore: [ '5.3.2' ],
58 silly audit   'import-fresh': [ '3.3.0' ],
58 silly audit   imurmurhash: [ '0.1.4' ],
58 silly audit   inflight: [ '1.0.6' ],
58 silly audit   inherits: [ '2.0.4' ],
58 silly audit   'internal-slot': [ '1.0.7' ],
58 silly audit   'is-arguments': [ '1.1.1' ],
58 silly audit   'is-array-buffer': [ '3.0.4' ],
58 silly audit   'is-async-function': [ '2.0.0' ],
58 silly audit   'is-bigint': [ '1.0.4' ],
58 silly audit   'is-binary-path': [ '2.1.0' ],
58 silly audit   'is-boolean-object': [ '1.1.2' ],
58 silly audit   'is-bun-module': [ '1.2.1' ],
58 silly audit   'is-callable': [ '1.2.7' ],
58 silly audit   'is-core-module': [ '2.15.1' ],
58 silly audit   'is-data-view': [ '1.0.1' ],
58 silly audit   'is-date-object': [ '1.0.5' ],
58 silly audit   'is-extglob': [ '2.1.1' ],
58 silly audit   'is-finalizationregistry': [ '1.0.2' ],
58 silly audit   'is-fullwidth-code-point': [ '3.0.0' ],
58 silly audit   'is-generator-function': [ '1.0.10' ],
58 silly audit   'is-glob': [ '4.0.3' ],
58 silly audit   'is-map': [ '2.0.3' ],
58 silly audit   'is-negative-zero': [ '2.0.3' ],
58 silly audit   'is-number': [ '7.0.0' ],
58 silly audit   'is-number-object': [ '1.0.7' ],
58 silly audit   'is-path-inside': [ '3.0.3' ],
58 silly audit   'is-regex': [ '1.1.4' ],
58 silly audit   'is-set': [ '2.0.3' ],
58 silly audit   'is-shared-array-buffer': [ '1.0.3' ],
58 silly audit   'is-string': [ '1.0.7' ],
58 silly audit   'is-symbol': [ '1.0.4' ],
58 silly audit   'is-typed-array': [ '1.1.13' ],
58 silly audit   'is-weakmap': [ '2.0.2' ],
58 silly audit   'is-weakref': [ '1.0.2' ],
58 silly audit   'is-weakset': [ '2.0.3' ],
58 silly audit   isarray: [ '2.0.5' ],
58 silly audit   isexe: [ '2.0.0' ],
58 silly audit   'iterator.prototype': [ '1.1.2' ],
58 silly audit   jackspeak: [ '2.3.6' ],
58 silly audit   jiti: [ '1.21.6' ],
58 silly audit   'js-tokens': [ '4.0.0' ],
58 silly audit   'js-yaml': [ '4.1.0' ],
58 silly audit   'json-buffer': [ '3.0.1' ],
58 silly audit   'json-schema-traverse': [ '0.4.1' ],
58 silly audit   'json-stable-stringify-without-jsonify': [ '1.0.1' ],
58 silly audit   json5: [ '1.0.2' ],
58 silly audit   'jsx-ast-utils': [ '3.3.5' ],
58 silly audit   keyv: [ '4.5.4' ],
58 silly audit   'language-subtag-registry': [ '0.3.23' ],
58 silly audit   'language-tags': [ '1.0.9' ],
58 silly audit   levn: [ '0.4.1' ],
58 silly audit   lilconfig: [ '2.1.0', '3.1.2' ],
58 silly audit   'lines-and-columns': [ '1.2.4' ],
58 silly audit   'locate-path': [ '6.0.0' ],
58 silly audit   'lodash.merge': [ '4.6.2' ],
58 silly audit   'loose-envify': [ '1.4.0' ],
58 silly audit   'lru-cache': [ '10.4.3' ],
58 silly audit   merge2: [ '1.4.1' ],
58 silly audit   micromatch: [ '4.0.8' ],
58 silly audit   minimist: [ '1.2.8' ],
58 silly audit   minipass: [ '7.1.2' ],
58 silly audit   ms: [ '2.1.3' ],
58 silly audit   mz: [ '2.7.0' ],
58 silly audit   nanoid: [ '3.3.7' ],
58 silly audit   'natural-compare': [ '1.4.0' ],
58 silly audit   next: [ '14.2.11' ],
58 silly audit   postcss: [ '8.4.31', '8.4.45' ],
58 silly audit   'normalize-path': [ '3.0.0' ],
58 silly audit   'object-assign': [ '4.1.1' ],
58 silly audit   'object-hash': [ '3.0.0' ],
58 silly audit   'object-inspect': [ '1.13.2' ],
58 silly audit   'object-is': [ '1.1.6' ],
58 silly audit   'object-keys': [ '1.1.1' ],
58 silly audit   'object.assign': [ '4.1.5' ],
58 silly audit   'object.entries': [ '1.1.8' ],
58 silly audit   'object.fromentries': [ '2.0.8' ],
58 silly audit   'object.groupby': [ '1.0.3' ],
58 silly audit   'object.values': [ '1.2.0' ],
58 silly audit   once: [ '1.4.0' ],
58 silly audit   optionator: [ '0.9.4' ],
58 silly audit   'p-limit': [ '3.1.0' ],
58 silly audit   'p-locate': [ '5.0.0' ],
58 silly audit   'parent-module': [ '1.0.1' ],
58 silly audit   'path-exists': [ '4.0.0' ],
58 silly audit   'path-is-absolute': [ '1.0.1' ],
58 silly audit   'path-key': [ '3.1.1' ],
58 silly audit   'path-parse': [ '1.0.7' ],
58 silly audit   'path-scurry': [ '1.11.1' ],
58 silly audit   'path-type': [ '4.0.0' ],
58 silly audit   picocolors: [ '1.1.0' ],
58 silly audit   picomatch: [ '2.3.1' ],
58 silly audit   pify: [ '2.3.0' ],
58 silly audit   pirates: [ '4.0.6' ],
58 silly audit   'possible-typed-array-names': [ '1.0.0' ],
58 silly audit   'postcss-import': [ '15.1.0' ],
58 silly audit   'postcss-js': [ '4.0.1' ],
58 silly audit   'postcss-load-config': [ '4.0.2' ],
58 silly audit   'postcss-nested': [ '6.2.0' ],
58 silly audit   'postcss-selector-parser': [ '6.1.2' ],
58 silly audit   'postcss-value-parser': [ '4.2.0' ],
58 silly audit   'prelude-ls': [ '1.2.1' ],
58 silly audit   'prop-types': [ '15.8.1' ],
58 silly audit   punycode: [ '2.3.1' ],
58 silly audit   'queue-microtask': [ '1.2.3' ],
58 silly audit   react: [ '18.3.1' ],
58 silly audit   'react-dom': [ '18.3.1' ],
58 silly audit   'react-is': [ '16.13.1' ],
58 silly audit   'read-cache': [ '1.0.0' ],
58 silly audit   readdirp: [ '3.6.0' ],
58 silly audit   'reflect.getprototypeof': [ '1.0.6' ],
58 silly audit   'regexp.prototype.flags': [ '1.5.2' ],
58 silly audit   'resolve-from': [ '4.0.0' ],
58 silly audit   'resolve-pkg-maps': [ '1.0.0' ],
58 silly audit   reusify: [ '1.0.4' ],
58 silly audit   rimraf: [ '3.0.2' ],
58 silly audit   'run-parallel': [ '1.2.0' ],
58 silly audit   'safe-array-concat': [ '1.1.2' ],
58 silly audit   'safe-regex-test': [ '1.0.3' ],
58 silly audit   scheduler: [ '0.23.2' ],
58 silly audit   'set-function-length': [ '1.2.2' ],
58 silly audit   'set-function-name': [ '2.0.2' ],
58 silly audit   'shebang-command': [ '2.0.0' ],
58 silly audit   'shebang-regex': [ '3.0.0' ],
58 silly audit   'side-channel': [ '1.0.6' ],
58 silly audit   'signal-exit': [ '4.1.0' ],
58 silly audit   slash: [ '3.0.0' ],
58 silly audit   'source-map-js': [ '1.2.1' ],
58 silly audit   'stop-iteration-iterator': [ '1.0.0' ],
58 silly audit   streamsearch: [ '1.1.0' ],
58 silly audit   'string-width': [ '5.1.2', '4.2.3' ],
58 silly audit   'string.prototype.includes': [ '2.0.0' ],
58 silly audit   'string.prototype.matchall': [ '4.0.11' ],
58 silly audit   'string.prototype.repeat': [ '1.0.0' ],
58 silly audit   'string.prototype.trim': [ '1.2.9' ],
58 silly audit   'string.prototype.trimend': [ '1.0.8' ],
58 silly audit   'string.prototype.trimstart': [ '1.0.8' ],
58 silly audit   'strip-bom': [ '3.0.0' ],
58 silly audit   'strip-json-comments': [ '3.1.1' ],
58 silly audit   'styled-jsx': [ '5.1.1' ],
58 silly audit   sucrase: [ '3.35.0' ],
58 silly audit   'supports-color': [ '7.2.0' ],
58 silly audit   'supports-preserve-symlinks-flag': [ '1.0.0' ],
58 silly audit   tailwindcss: [ '3.4.11' ],
58 silly audit   tapable: [ '2.2.1' ],
58 silly audit   'text-table': [ '0.2.0' ],
58 silly audit   thenify: [ '3.3.1' ],
58 silly audit   'thenify-all': [ '1.6.0' ],
58 silly audit   'to-regex-range': [ '5.0.1' ],
58 silly audit   'ts-api-utils': [ '1.3.0' ],
58 silly audit   'ts-interface-checker': [ '0.1.13' ],
58 silly audit   'tsconfig-paths': [ '3.15.0' ],
58 silly audit   tslib: [ '2.7.0' ],
58 silly audit   'type-check': [ '0.4.0' ],
58 silly audit   'type-fest': [ '0.20.2' ],
58 silly audit   'typed-array-buffer': [ '1.0.2' ],
58 silly audit   'typed-array-byte-length': [ '1.0.1' ],
58 silly audit   'typed-array-byte-offset': [ '1.0.2' ],
58 silly audit   'typed-array-length': [ '1.0.6' ],
58 silly audit   typescript: [ '5.6.2' ],
58 silly audit   'unbox-primitive': [ '1.0.2' ],
58 silly audit   'undici-types': [ '6.19.8' ],
58 silly audit   'uri-js': [ '4.4.1' ],
58 silly audit   'util-deprecate': [ '1.0.2' ],
58 silly audit   which: [ '2.0.2' ],
58 silly audit   'which-boxed-primitive': [ '1.0.2' ],
58 silly audit   'which-builtin-type': [ '1.1.4' ],
58 silly audit   'which-collection': [ '1.0.2' ],
58 silly audit   'which-typed-array': [ '1.1.15' ],
58 silly audit   'word-wrap': [ '1.2.5' ],
58 silly audit   'wrap-ansi': [ '8.1.0', '7.0.0' ],
58 silly audit   wrappy: [ '1.0.2' ],
58 silly audit   yaml: [ '2.5.1' ],
58 silly audit   'yocto-queue': [ '0.1.0' ],
58 silly audit   '@radix-ui/react-icons': [ '1.3.0' ],
58 silly audit   'class-variance-authority': [ '0.7.0' ],
58 silly audit   clsx: [ '2.1.1', '2.0.0' ],
58 silly audit   'lucide-react': [ '0.441.0' ],
58 silly audit   'tailwind-merge': [ '2.5.2' ],
58 silly audit   'tailwindcss-animate': [ '1.0.7' ]
58 silly audit }
59 verbose reify failed optional dependency D:\Projects\cwh\my-app\node_modules\fsevents
60 silly reify mark deleted [ 'D:\\Projects\\cwh\\my-app\\node_modules\\fsevents' ]
61 verbose reify failed optional dependency D:\Projects\cwh\my-app\node_modules\@next\swc-win32-ia32-msvc
62 silly reify mark deleted [
62 silly reify   'D:\\Projects\\cwh\\my-app\\node_modules\\@next\\swc-win32-ia32-msvc'
62 silly reify ]
63 verbose reify failed optional dependency D:\Projects\cwh\my-app\node_modules\@next\swc-win32-arm64-msvc
64 silly reify mark deleted [
64 silly reify   'D:\\Projects\\cwh\\my-app\\node_modules\\@next\\swc-win32-arm64-msvc'
64 silly reify ]
65 verbose reify failed optional dependency D:\Projects\cwh\my-app\node_modules\@next\swc-linux-x64-musl
66 silly reify mark deleted [
66 silly reify   'D:\\Projects\\cwh\\my-app\\node_modules\\@next\\swc-linux-x64-musl'
66 silly reify ]
67 verbose reify failed optional dependency D:\Projects\cwh\my-app\node_modules\@next\swc-linux-x64-gnu
68 silly reify mark deleted [ 'D:\\Projects\\cwh\\my-app\\node_modules\\@next\\swc-linux-x64-gnu' ]
69 verbose reify failed optional dependency D:\Projects\cwh\my-app\node_modules\@next\swc-linux-arm64-musl
70 silly reify mark deleted [
70 silly reify   'D:\\Projects\\cwh\\my-app\\node_modules\\@next\\swc-linux-arm64-musl'
70 silly reify ]
71 verbose reify failed optional dependency D:\Projects\cwh\my-app\node_modules\@next\swc-linux-arm64-gnu
72 silly reify mark deleted [
72 silly reify   'D:\\Projects\\cwh\\my-app\\node_modules\\@next\\swc-linux-arm64-gnu'
72 silly reify ]
73 verbose reify failed optional dependency D:\Projects\cwh\my-app\node_modules\@next\swc-darwin-x64
74 silly reify mark deleted [ 'D:\\Projects\\cwh\\my-app\\node_modules\\@next\\swc-darwin-x64' ]
75 verbose reify failed optional dependency D:\Projects\cwh\my-app\node_modules\@next\swc-darwin-arm64
76 silly reify mark deleted [ 'D:\\Projects\\cwh\\my-app\\node_modules\\@next\\swc-darwin-arm64' ]
77 silly tarball no local data for tailwindcss-animate@https://registry.npmjs.org/tailwindcss-animate/-/tailwindcss-animate-1.0.7.tgz. Extracting by manifest.
78 silly tarball no local data for tailwind-merge@https://registry.npmjs.org/tailwind-merge/-/tailwind-merge-2.5.2.tgz. Extracting by manifest.
79 silly tarball no local data for lucide-react@https://registry.npmjs.org/lucide-react/-/lucide-react-0.441.0.tgz. Extracting by manifest.
80 silly tarball no local data for clsx@https://registry.npmjs.org/clsx/-/clsx-2.1.1.tgz. Extracting by manifest.
81 silly tarball no local data for class-variance-authority@https://registry.npmjs.org/class-variance-authority/-/class-variance-authority-0.7.0.tgz. Extracting by manifest.
82 silly tarball no local data for clsx@https://registry.npmjs.org/clsx/-/clsx-2.0.0.tgz. Extracting by manifest.
83 silly tarball no local data for @radix-ui/react-icons@https://registry.npmjs.org/@radix-ui/react-icons/-/react-icons-1.3.0.tgz. Extracting by manifest.
84 http fetch GET 200 https://registry.npmjs.org/tailwindcss-animate/-/tailwindcss-animate-1.0.7.tgz 256ms (cache miss)
85 http fetch POST 200 https://registry.npmjs.org/-/npm/v1/security/advisories/bulk 376ms
86 silly audit report {}
87 http fetch GET 200 https://registry.npmjs.org/clsx/-/clsx-2.1.1.tgz 365ms (cache miss)
88 http fetch GET 200 https://registry.npmjs.org/clsx/-/clsx-2.0.0.tgz 359ms (cache miss)
89 http fetch GET 200 https://registry.npmjs.org/class-variance-authority/-/class-variance-authority-0.7.0.tgz 374ms (cache miss)
90 http fetch GET 200 https://registry.npmjs.org/tailwind-merge/-/tailwind-merge-2.5.2.tgz 557ms (cache miss)
91 http fetch GET 200 https://registry.npmjs.org/@radix-ui/react-icons/-/react-icons-1.3.0.tgz 1713ms (cache miss)
92 http fetch GET 200 https://registry.npmjs.org/lucide-react/-/lucide-react-0.441.0.tgz 5785ms (cache miss)
93 silly ADD node_modules/tailwindcss-animate
94 silly ADD node_modules/tailwind-merge
95 silly ADD node_modules/lucide-react
96 silly ADD node_modules/clsx
97 silly ADD node_modules/class-variance-authority
98 silly ADD node_modules/class-variance-authority/node_modules/clsx
99 silly ADD node_modules/@radix-ui/react-icons
100 silly ADD
101 silly ADD
102 silly ADD
103 silly ADD
104 silly ADD
105 silly ADD
106 silly ADD
107 silly ADD
108 silly ADD
109 verbose cwd D:\Projects\cwh\my-app
110 verbose os Windows_NT 10.0.22621
111 verbose node v20.9.0
112 verbose npm  v10.8.1
113 verbose exit 0
114 info ok
