0 verbose cli C:\Program Files\nodejs\node.exe C:\Program Files\nodejs\node_modules\npm\bin\npm-cli.js
1 info using npm@10.8.1
2 info using node@v20.9.0
3 silly config load:file:C:\Users\Acer\AppData\Roaming\nvm\v20.9.0\node_modules\npm\npmrc
4 info config found workspace root at D:\Projects\turborepo-snef
5 silly config load:file:D:\Projects\turborepo-snef\.npmrc
6 silly config load:file:C:\Users\Acer\.npmrc
7 silly config load:file:C:\Program Files\nodejs\etc\npmrc
8 verbose title npm install @radix-ui/react-dropdown-menu
9 verbose argv "install" "@radix-ui/react-dropdown-menu"
10 verbose logfile logs-max:10 dir:D:\Projects\turborepo-snef\apps\www\Projectsnpm-cache\_logs\2024-09-17T09_25_51_932Z-
11 verbose logfile D:\Projects\turborepo-snef\apps\www\Projectsnpm-cache\_logs\2024-09-17T09_25_51_932Z-debug-0.log
12 silly logfile start cleaning logs, removing 1 files
13 silly logfile done cleaning log files
14 silly packumentCache heap:2197815296 maxSize:549453824 maxEntrySize:274726912
15 silly idealTree buildDeps
16 silly fetch manifest @radix-ui/react-dropdown-menu@*
17 silly packumentCache full:https://registry.npmjs.org/@radix-ui%2freact-dropdown-menu cache-miss
18 http fetch GET 200 https://registry.npmjs.org/@radix-ui%2freact-dropdown-menu 349ms (cache miss)
19 silly packumentCache full:https://registry.npmjs.org/@radix-ui%2freact-dropdown-menu set size:undefined disposed:false
20 silly fetch manifest @types/react@^18
21 silly packumentCache full:https://registry.npmjs.org/@types%2freact cache-miss
22 http fetch GET 200 https://registry.npmjs.org/@types%2freact 154ms (cache updated)
23 silly packumentCache full:https://registry.npmjs.org/@types%2freact set size:undefined disposed:false
24 silly fetch manifest @types/react-dom@^18
25 silly packumentCache full:https://registry.npmjs.org/@types%2freact-dom cache-miss
26 http fetch GET 200 https://registry.npmjs.org/@types%2freact-dom 109ms (cache miss)
27 silly packumentCache full:https://registry.npmjs.org/@types%2freact-dom set size:undefined disposed:false
28 silly fetch manifest react@18.3.1
29 silly packumentCache full:https://registry.npmjs.org/react cache-miss
30 http fetch GET 200 https://registry.npmjs.org/react 325ms (cache updated)
31 silly packumentCache full:https://registry.npmjs.org/react set size:undefined disposed:false
32 silly fetch manifest react-dom@18.3.1
33 silly packumentCache full:https://registry.npmjs.org/react-dom cache-miss
34 http fetch GET 200 https://registry.npmjs.org/react-dom 397ms (cache updated)
35 silly packumentCache full:https://registry.npmjs.org/react-dom set size:undefined disposed:false
36 silly placeDep ROOT @radix-ui/react-dropdown-menu@2.1.1 OK for: www@0.1.0 want: *
37 silly fetch manifest @radix-ui/primitive@1.1.0
38 silly packumentCache full:https://registry.npmjs.org/@radix-ui%2fprimitive cache-miss
39 silly fetch manifest @radix-ui/react-context@1.1.0
40 silly packumentCache full:https://registry.npmjs.org/@radix-ui%2freact-context cache-miss
41 silly fetch manifest @radix-ui/react-id@1.1.0
42 silly packumentCache full:https://registry.npmjs.org/@radix-ui%2freact-id cache-miss
43 silly fetch manifest @radix-ui/react-menu@2.1.1
44 silly packumentCache full:https://registry.npmjs.org/@radix-ui%2freact-menu cache-miss
45 silly fetch manifest @radix-ui/react-primitive@2.0.0
46 silly packumentCache full:https://registry.npmjs.org/@radix-ui%2freact-primitive cache-miss
47 silly fetch manifest @radix-ui/react-use-controllable-state@1.1.0
48 silly packumentCache full:https://registry.npmjs.org/@radix-ui%2freact-use-controllable-state cache-miss
49 http fetch GET 200 https://registry.npmjs.org/@radix-ui%2fprimitive 150ms (cache miss)
50 silly packumentCache full:https://registry.npmjs.org/@radix-ui%2fprimitive set size:undefined disposed:false
51 http fetch GET 200 https://registry.npmjs.org/@radix-ui%2freact-id 305ms (cache miss)
52 silly packumentCache full:https://registry.npmjs.org/@radix-ui%2freact-id set size:undefined disposed:false
53 http fetch GET 200 https://registry.npmjs.org/@radix-ui%2freact-primitive 309ms (cache miss)
54 silly packumentCache full:https://registry.npmjs.org/@radix-ui%2freact-primitive set size:undefined disposed:false
55 http fetch GET 200 https://registry.npmjs.org/@radix-ui%2freact-context 330ms (cache miss)
56 silly packumentCache full:https://registry.npmjs.org/@radix-ui%2freact-context set size:undefined disposed:false
57 http fetch GET 200 https://registry.npmjs.org/@radix-ui%2freact-use-controllable-state 332ms (cache miss)
58 silly packumentCache full:https://registry.npmjs.org/@radix-ui%2freact-use-controllable-state set size:undefined disposed:false
59 http fetch GET 200 https://registry.npmjs.org/@radix-ui%2freact-menu 1896ms (cache miss)
60 silly packumentCache full:https://registry.npmjs.org/@radix-ui%2freact-menu set size:undefined disposed:false
61 silly fetch manifest @types/react@*
62 silly packumentCache full:https://registry.npmjs.org/@types%2freact cache-miss
63 http fetch GET 200 https://registry.npmjs.org/@types%2freact 20ms (cache hit)
64 silly packumentCache full:https://registry.npmjs.org/@types%2freact set size:2193544 disposed:false
65 silly fetch manifest react@^16.8 || ^17.0 || ^18.0 || ^19.0 || ^19.0.0-rc
66 silly packumentCache full:https://registry.npmjs.org/react cache-miss
67 http fetch GET 200 https://registry.npmjs.org/react 17ms (cache hit)
68 silly packumentCache full:https://registry.npmjs.org/react set size:4948575 disposed:false
69 silly fetch manifest @types/react-dom@*
70 silly packumentCache full:https://registry.npmjs.org/@types%2freact-dom cache-miss
71 http fetch GET 200 https://registry.npmjs.org/@types%2freact-dom 13ms (cache hit)
72 silly packumentCache full:https://registry.npmjs.org/@types%2freact-dom set size:348234 disposed:false
73 silly fetch manifest react-dom@^16.8 || ^17.0 || ^18.0 || ^19.0 || ^19.0.0-rc
74 silly packumentCache full:https://registry.npmjs.org/react-dom cache-miss
75 http fetch GET 200 https://registry.npmjs.org/react-dom 21ms (cache hit)
76 silly packumentCache full:https://registry.npmjs.org/react-dom set size:5960115 disposed:false
77 silly placeDep ROOT @radix-ui/primitive@1.1.0 OK for: @radix-ui/react-dropdown-menu@2.1.1 want: 1.1.0
78 silly placeDep ROOT @radix-ui/react-context@1.1.0 OK for: @radix-ui/react-dropdown-menu@2.1.1 want: 1.1.0
79 silly placeDep ROOT @radix-ui/react-id@1.1.0 OK for: @radix-ui/react-dropdown-menu@2.1.1 want: 1.1.0
80 silly placeDep ROOT @radix-ui/react-menu@2.1.1 OK for: @radix-ui/react-dropdown-menu@2.1.1 want: 2.1.1
81 silly placeDep ROOT @radix-ui/react-primitive@2.0.0 OK for: @radix-ui/react-dropdown-menu@2.1.1 want: 2.0.0
82 silly placeDep ROOT @radix-ui/react-use-controllable-state@1.1.0 OK for: @radix-ui/react-dropdown-menu@2.1.1 want: 1.1.0
83 silly fetch manifest @radix-ui/react-use-layout-effect@1.1.0
84 silly packumentCache full:https://registry.npmjs.org/@radix-ui%2freact-use-layout-effect cache-miss
85 silly fetch manifest @radix-ui/react-collection@1.1.0
86 silly packumentCache full:https://registry.npmjs.org/@radix-ui%2freact-collection cache-miss
87 silly fetch manifest @radix-ui/react-direction@1.1.0
88 silly packumentCache full:https://registry.npmjs.org/@radix-ui%2freact-direction cache-miss
89 silly fetch manifest @radix-ui/react-dismissable-layer@1.1.0
90 silly packumentCache full:https://registry.npmjs.org/@radix-ui%2freact-dismissable-layer cache-miss
91 silly fetch manifest @radix-ui/react-focus-guards@1.1.0
92 silly packumentCache full:https://registry.npmjs.org/@radix-ui%2freact-focus-guards cache-miss
93 silly fetch manifest @radix-ui/react-focus-scope@1.1.0
94 silly packumentCache full:https://registry.npmjs.org/@radix-ui%2freact-focus-scope cache-miss
95 silly fetch manifest @radix-ui/react-popper@1.2.0
96 silly packumentCache full:https://registry.npmjs.org/@radix-ui%2freact-popper cache-miss
97 silly fetch manifest @radix-ui/react-portal@1.1.1
98 silly packumentCache full:https://registry.npmjs.org/@radix-ui%2freact-portal cache-miss
99 silly fetch manifest @radix-ui/react-presence@1.1.0
100 silly packumentCache full:https://registry.npmjs.org/@radix-ui%2freact-presence cache-miss
101 silly fetch manifest @radix-ui/react-roving-focus@1.1.0
102 silly packumentCache full:https://registry.npmjs.org/@radix-ui%2freact-roving-focus cache-miss
103 silly fetch manifest @radix-ui/react-use-callback-ref@1.1.0
104 silly packumentCache full:https://registry.npmjs.org/@radix-ui%2freact-use-callback-ref cache-miss
105 http fetch GET 200 https://registry.npmjs.org/@radix-ui%2freact-use-layout-effect 105ms (cache miss)
106 silly packumentCache full:https://registry.npmjs.org/@radix-ui%2freact-use-layout-effect set size:undefined disposed:false
107 silly fetch manifest aria-hidden@^1.1.1
108 silly packumentCache full:https://registry.npmjs.org/aria-hidden cache-miss
109 http fetch GET 200 https://registry.npmjs.org/@radix-ui%2freact-direction 125ms (cache miss)
110 silly packumentCache full:https://registry.npmjs.org/@radix-ui%2freact-direction set size:undefined disposed:false
111 silly fetch manifest react-remove-scroll@2.5.7
112 silly packumentCache full:https://registry.npmjs.org/react-remove-scroll cache-miss
113 http fetch GET 200 https://registry.npmjs.org/@radix-ui%2freact-focus-scope 208ms (cache miss)
114 silly packumentCache full:https://registry.npmjs.org/@radix-ui%2freact-focus-scope set size:undefined disposed:false
115 silly fetch manifest @radix-ui/react-use-callback-ref@1.1.0
116 silly packumentCache full:https://registry.npmjs.org/@radix-ui%2freact-use-callback-ref cache-miss
117 http fetch GET 200 https://registry.npmjs.org/@radix-ui%2freact-focus-guards 218ms (cache miss)
118 silly packumentCache full:https://registry.npmjs.org/@radix-ui%2freact-focus-guards set size:undefined disposed:false
119 http fetch GET 200 https://registry.npmjs.org/@radix-ui%2freact-dismissable-layer 222ms (cache miss)
120 silly packumentCache full:https://registry.npmjs.org/@radix-ui%2freact-dismissable-layer set size:undefined disposed:false
121 http fetch GET 200 https://registry.npmjs.org/aria-hidden 126ms (cache miss)
122 silly packumentCache full:https://registry.npmjs.org/aria-hidden set size:undefined disposed:false
123 http fetch GET 200 https://registry.npmjs.org/@radix-ui%2freact-collection 239ms (cache miss)
124 silly packumentCache full:https://registry.npmjs.org/@radix-ui%2freact-collection set size:undefined disposed:false
125 http fetch GET 200 https://registry.npmjs.org/react-remove-scroll 117ms (cache miss)
126 silly packumentCache full:https://registry.npmjs.org/react-remove-scroll set size:undefined disposed:false
127 http fetch GET 200 https://registry.npmjs.org/@radix-ui%2freact-use-callback-ref 296ms (cache miss)
128 silly packumentCache full:https://registry.npmjs.org/@radix-ui%2freact-use-callback-ref set size:undefined disposed:false
129 http fetch GET 200 https://registry.npmjs.org/@radix-ui%2freact-use-callback-ref 141ms (cache miss)
130 silly packumentCache full:https://registry.npmjs.org/@radix-ui%2freact-use-callback-ref set size:undefined disposed:false
131 http fetch GET 200 https://registry.npmjs.org/@radix-ui%2freact-roving-focus 366ms (cache miss)
132 silly packumentCache full:https://registry.npmjs.org/@radix-ui%2freact-roving-focus set size:undefined disposed:false
133 http fetch GET 200 https://registry.npmjs.org/@radix-ui%2freact-popper 386ms (cache miss)
134 silly packumentCache full:https://registry.npmjs.org/@radix-ui%2freact-popper set size:undefined disposed:false
135 http fetch GET 200 https://registry.npmjs.org/@radix-ui%2freact-presence 460ms (cache miss)
136 silly packumentCache full:https://registry.npmjs.org/@radix-ui%2freact-presence set size:undefined disposed:false
137 http fetch GET 200 https://registry.npmjs.org/@radix-ui%2freact-portal 465ms (cache miss)
138 silly packumentCache full:https://registry.npmjs.org/@radix-ui%2freact-portal set size:undefined disposed:false
139 silly placeDep ROOT @radix-ui/react-use-layout-effect@1.1.0 OK for: @radix-ui/react-id@1.1.0 want: 1.1.0
140 silly placeDep ROOT @radix-ui/react-collection@1.1.0 OK for: @radix-ui/react-menu@2.1.1 want: 1.1.0
141 silly placeDep ROOT @radix-ui/react-direction@1.1.0 OK for: @radix-ui/react-menu@2.1.1 want: 1.1.0
142 silly placeDep ROOT @radix-ui/react-dismissable-layer@1.1.0 OK for: @radix-ui/react-menu@2.1.1 want: 1.1.0
143 silly placeDep ROOT @radix-ui/react-focus-guards@1.1.0 OK for: @radix-ui/react-menu@2.1.1 want: 1.1.0
144 silly placeDep ROOT @radix-ui/react-focus-scope@1.1.0 OK for: @radix-ui/react-menu@2.1.1 want: 1.1.0
145 silly placeDep ROOT @radix-ui/react-popper@1.2.0 OK for: @radix-ui/react-menu@2.1.1 want: 1.2.0
146 silly placeDep ROOT @radix-ui/react-portal@1.1.1 OK for: @radix-ui/react-menu@2.1.1 want: 1.1.1
147 silly placeDep ROOT @radix-ui/react-presence@1.1.0 OK for: @radix-ui/react-menu@2.1.1 want: 1.1.0
148 silly placeDep ROOT @radix-ui/react-roving-focus@1.1.0 OK for: @radix-ui/react-menu@2.1.1 want: 1.1.0
149 silly placeDep ROOT @radix-ui/react-use-callback-ref@1.1.0 OK for: @radix-ui/react-menu@2.1.1 want: 1.1.0
150 silly placeDep ROOT aria-hidden@1.2.4 OK for: @radix-ui/react-menu@2.1.1 want: ^1.1.1
151 silly placeDep ROOT react-remove-scroll@2.5.7 OK for: @radix-ui/react-menu@2.1.1 want: 2.5.7
152 silly fetch manifest @radix-ui/react-use-escape-keydown@1.1.0
153 silly packumentCache full:https://registry.npmjs.org/@radix-ui%2freact-use-escape-keydown cache-miss
154 silly fetch manifest @floating-ui/react-dom@^2.0.0
155 silly packumentCache full:https://registry.npmjs.org/@floating-ui%2freact-dom cache-miss
156 silly fetch manifest @radix-ui/react-arrow@1.1.0
157 silly packumentCache full:https://registry.npmjs.org/@radix-ui%2freact-arrow cache-miss
158 silly fetch manifest @radix-ui/react-use-rect@1.1.0
159 silly packumentCache full:https://registry.npmjs.org/@radix-ui%2freact-use-rect cache-miss
160 silly fetch manifest @radix-ui/react-use-size@1.1.0
161 silly packumentCache full:https://registry.npmjs.org/@radix-ui%2freact-use-size cache-miss
162 silly fetch manifest @radix-ui/rect@1.1.0
163 silly packumentCache full:https://registry.npmjs.org/@radix-ui%2frect cache-miss
164 silly fetch manifest use-sidecar@^1.1.2
165 silly packumentCache full:https://registry.npmjs.org/use-sidecar cache-miss
166 silly fetch manifest use-callback-ref@^1.3.0
167 silly packumentCache full:https://registry.npmjs.org/use-callback-ref cache-miss
168 silly fetch manifest react-style-singleton@^2.2.1
169 silly packumentCache full:https://registry.npmjs.org/react-style-singleton cache-miss
170 silly fetch manifest react-remove-scroll-bar@^2.3.4
171 silly packumentCache full:https://registry.npmjs.org/react-remove-scroll-bar cache-miss
172 http fetch GET 200 https://registry.npmjs.org/react-style-singleton 251ms (cache miss)
173 silly packumentCache full:https://registry.npmjs.org/react-style-singleton set size:undefined disposed:false
174 http fetch GET 200 https://registry.npmjs.org/use-callback-ref 255ms (cache miss)
175 silly packumentCache full:https://registry.npmjs.org/use-callback-ref set size:undefined disposed:false
176 http fetch GET 200 https://registry.npmjs.org/react-remove-scroll-bar 261ms (cache miss)
177 silly packumentCache full:https://registry.npmjs.org/react-remove-scroll-bar set size:undefined disposed:false
178 http fetch GET 200 https://registry.npmjs.org/use-sidecar 404ms (cache miss)
179 silly packumentCache full:https://registry.npmjs.org/use-sidecar set size:undefined disposed:false
180 http fetch GET 200 https://registry.npmjs.org/@radix-ui%2freact-use-size 429ms (cache miss)
181 silly packumentCache full:https://registry.npmjs.org/@radix-ui%2freact-use-size set size:undefined disposed:false
182 http fetch GET 200 https://registry.npmjs.org/@floating-ui%2freact-dom 440ms (cache miss)
183 silly packumentCache full:https://registry.npmjs.org/@floating-ui%2freact-dom set size:undefined disposed:false
184 http fetch GET 200 https://registry.npmjs.org/@radix-ui%2freact-use-rect 444ms (cache miss)
185 silly packumentCache full:https://registry.npmjs.org/@radix-ui%2freact-use-rect set size:undefined disposed:false
186 http fetch GET 200 https://registry.npmjs.org/@radix-ui%2freact-arrow 565ms (cache miss)
187 silly packumentCache full:https://registry.npmjs.org/@radix-ui%2freact-arrow set size:undefined disposed:false
188 http fetch GET 200 https://registry.npmjs.org/@radix-ui%2freact-use-escape-keydown 743ms (cache miss)
189 silly packumentCache full:https://registry.npmjs.org/@radix-ui%2freact-use-escape-keydown set size:undefined disposed:false
190 http fetch GET 200 https://registry.npmjs.org/@radix-ui%2frect 1834ms (cache miss)
191 silly packumentCache full:https://registry.npmjs.org/@radix-ui%2frect set size:undefined disposed:false
192 silly placeDep ROOT @radix-ui/react-use-escape-keydown@1.1.0 OK for: @radix-ui/react-dismissable-layer@1.1.0 want: 1.1.0
193 silly placeDep ROOT @floating-ui/react-dom@2.1.2 OK for: @radix-ui/react-popper@1.2.0 want: ^2.0.0
194 silly placeDep ROOT @radix-ui/react-arrow@1.1.0 OK for: @radix-ui/react-popper@1.2.0 want: 1.1.0
195 silly placeDep ROOT @radix-ui/react-use-rect@1.1.0 OK for: @radix-ui/react-popper@1.2.0 want: 1.1.0
196 silly placeDep ROOT @radix-ui/react-use-size@1.1.0 OK for: @radix-ui/react-popper@1.2.0 want: 1.1.0
197 silly placeDep ROOT @radix-ui/rect@1.1.0 OK for: @radix-ui/react-popper@1.2.0 want: 1.1.0
198 silly fetch manifest @floating-ui/dom@^1.0.0
199 silly packumentCache full:https://registry.npmjs.org/@floating-ui%2fdom cache-miss
200 http fetch GET 200 https://registry.npmjs.org/@floating-ui%2fdom 104ms (cache miss)
201 silly packumentCache full:https://registry.npmjs.org/@floating-ui%2fdom set size:undefined disposed:false
202 silly placeDep ROOT @floating-ui/dom@1.6.11 OK for: @floating-ui/react-dom@2.1.2 want: ^1.0.0
203 silly fetch manifest @floating-ui/core@^1.6.0
204 silly packumentCache full:https://registry.npmjs.org/@floating-ui%2fcore cache-miss
205 silly fetch manifest @floating-ui/utils@^0.2.8
206 silly packumentCache full:https://registry.npmjs.org/@floating-ui%2futils cache-miss
207 http fetch GET 200 https://registry.npmjs.org/@floating-ui%2fcore 89ms (cache miss)
208 silly packumentCache full:https://registry.npmjs.org/@floating-ui%2fcore set size:undefined disposed:false
209 http fetch GET 200 https://registry.npmjs.org/@floating-ui%2futils 98ms (cache miss)
210 silly packumentCache full:https://registry.npmjs.org/@floating-ui%2futils set size:undefined disposed:false
211 silly placeDep ROOT @floating-ui/core@1.6.8 OK for: @floating-ui/dom@1.6.11 want: ^1.6.0
212 silly placeDep ROOT @floating-ui/utils@0.2.8 OK for: @floating-ui/dom@1.6.11 want: ^0.2.8
213 silly fetch manifest @types/react@^16.8.0 || ^17.0.0 || ^18.0.0
214 silly packumentCache full:https://registry.npmjs.org/@types%2freact cache-miss
215 http fetch GET 200 https://registry.npmjs.org/@types%2freact 9ms (cache hit)
216 silly packumentCache full:https://registry.npmjs.org/@types%2freact set size:2193544 disposed:false
217 silly fetch manifest react@^16.8.0 || ^17.0.0 || ^18.0.0
218 silly packumentCache full:https://registry.npmjs.org/react cache-miss
219 http fetch GET 200 https://registry.npmjs.org/react 18ms (cache hit)
220 silly packumentCache full:https://registry.npmjs.org/react set size:4948575 disposed:false
221 silly placeDep ROOT react-remove-scroll-bar@2.3.6 OK for: react-remove-scroll@2.5.7 want: ^2.3.4
222 silly placeDep ROOT react-style-singleton@2.2.1 OK for: react-remove-scroll@2.5.7 want: ^2.2.1
223 silly placeDep ROOT use-callback-ref@1.3.2 OK for: react-remove-scroll@2.5.7 want: ^1.3.0
224 silly placeDep ROOT use-sidecar@1.1.2 OK for: react-remove-scroll@2.5.7 want: ^1.1.2
225 silly fetch manifest get-nonce@^1.0.0
226 silly packumentCache full:https://registry.npmjs.org/get-nonce cache-miss
227 silly fetch manifest invariant@^2.2.4
228 silly packumentCache full:https://registry.npmjs.org/invariant cache-miss
229 silly fetch manifest detect-node-es@^1.1.0
230 silly packumentCache full:https://registry.npmjs.org/detect-node-es cache-miss
231 http fetch GET 200 https://registry.npmjs.org/detect-node-es 57ms (cache miss)
232 silly packumentCache full:https://registry.npmjs.org/detect-node-es set size:undefined disposed:false
233 http fetch GET 200 https://registry.npmjs.org/get-nonce 61ms (cache miss)
234 silly packumentCache full:https://registry.npmjs.org/get-nonce set size:undefined disposed:false
235 http fetch GET 200 https://registry.npmjs.org/invariant 62ms (cache miss)
236 silly packumentCache full:https://registry.npmjs.org/invariant set size:undefined disposed:false
237 silly placeDep ROOT get-nonce@1.0.1 OK for: react-style-singleton@2.2.1 want: ^1.0.0
238 silly placeDep ROOT invariant@2.2.4 OK for: react-style-singleton@2.2.1 want: ^2.2.4
239 silly placeDep ROOT detect-node-es@1.1.0 OK for: use-sidecar@1.1.2 want: ^1.1.0
240 silly reify moves {}
241 silly audit bulk request {
241 silly audit   www: [ '0.1.0' ],
241 silly audit   '@alloc/quick-lru': [ '5.2.0' ],
241 silly audit   '@ampproject/remapping': [ '2.3.0' ],
241 silly audit   '@babel/code-frame': [ '7.24.7' ],
241 silly audit   '@babel/compat-data': [ '7.25.4' ],
241 silly audit   '@babel/core': [ '7.25.2' ],
241 silly audit   semver: [ '6.3.1', '5.7.2', '7.6.3' ],
241 silly audit   '@babel/eslint-parser': [ '7.25.1' ],
241 silly audit   'eslint-visitor-keys': [ '2.1.0', '3.4.3' ],
241 silly audit   '@babel/generator': [ '7.25.6' ],
241 silly audit   '@babel/helper-compilation-targets': [ '7.25.2' ],
241 silly audit   '@babel/helper-module-imports': [ '7.24.7' ],
241 silly audit   '@babel/helper-module-transforms': [ '7.25.2' ],
241 silly audit   '@babel/helper-simple-access': [ '7.24.7' ],
241 silly audit   '@babel/helper-string-parser': [ '7.24.8' ],
241 silly audit   '@babel/helper-validator-identifier': [ '7.24.7' ],
241 silly audit   '@babel/helper-validator-option': [ '7.24.8' ],
241 silly audit   '@babel/helpers': [ '7.25.6' ],
241 silly audit   '@babel/highlight': [ '7.24.7' ],
241 silly audit   '@babel/parser': [ '7.25.6' ],
241 silly audit   '@babel/runtime-corejs3': [ '7.25.6' ],
241 silly audit   '@babel/template': [ '7.25.0' ],
241 silly audit   '@babel/traverse': [ '7.25.6' ],
241 silly audit   '@babel/types': [ '7.25.6' ],
241 silly audit   '@cspotcode/source-map-support': [ '0.8.1' ],
241 silly audit   '@jridgewell/trace-mapping': [ '0.3.9', '0.3.25' ],
241 silly audit   '@eslint-community/eslint-utils': [ '4.4.0' ],
241 silly audit   '@eslint-community/regexpp': [ '4.11.1' ],
241 silly audit   '@eslint/eslintrc': [ '2.1.4' ],
241 silly audit   'brace-expansion': [ '1.1.11', '2.0.1' ],
241 silly audit   globals: [ '13.24.0', '11.12.0' ],
241 silly audit   minimatch: [ '3.1.2', '9.0.3', '9.0.5' ],
241 silly audit   'type-fest': [ '0.20.2', '0.8.1', '0.6.0', '0.21.3' ],
241 silly audit   '@eslint/js': [ '8.57.0' ],
241 silly audit   '@humanwhocodes/config-array': [ '0.11.14' ],
241 silly audit   '@humanwhocodes/module-importer': [ '1.0.1' ],
241 silly audit   '@humanwhocodes/object-schema': [ '2.0.3' ],
241 silly audit   '@isaacs/cliui': [ '8.0.2' ],
241 silly audit   'ansi-regex': [ '6.1.0', '5.0.1' ],
241 silly audit   'ansi-styles': [ '6.2.1', '3.2.1', '4.3.0' ],
241 silly audit   'string-width': [ '5.1.2', '4.2.3' ],
241 silly audit   'strip-ansi': [ '7.1.0', '6.0.1' ],
241 silly audit   'wrap-ansi': [ '8.1.0', '6.2.0', '7.0.0' ],
241 silly audit   '@jridgewell/gen-mapping': [ '0.3.5' ],
241 silly audit   '@jridgewell/resolve-uri': [ '3.1.2' ],
241 silly audit   '@jridgewell/set-array': [ '1.2.1' ],
241 silly audit   '@jridgewell/sourcemap-codec': [ '1.5.0' ],
241 silly audit   '@microsoft/tsdoc': [ '0.14.2' ],
241 silly audit   '@microsoft/tsdoc-config': [ '0.16.2' ],
241 silly audit   resolve: [ '1.19.0', '2.0.0-next.5', '1.22.8' ],
241 silly audit   '@next/env': [ '14.2.6' ],
241 silly audit   '@next/eslint-plugin-next': [ '14.2.6' ],
241 silly audit   '@next/swc-darwin-arm64': [ '14.2.6' ],
241 silly audit   '@next/swc-darwin-x64': [ '14.2.6' ],
241 silly audit   '@next/swc-linux-arm64-gnu': [ '14.2.6' ],
241 silly audit   '@next/swc-linux-arm64-musl': [ '14.2.6' ],
241 silly audit   '@next/swc-linux-x64-gnu': [ '14.2.6' ],
241 silly audit   '@next/swc-linux-x64-musl': [ '14.2.6' ],
241 silly audit   '@next/swc-win32-arm64-msvc': [ '14.2.6' ],
241 silly audit   '@next/swc-win32-ia32-msvc': [ '14.2.6' ],
241 silly audit   '@next/swc-win32-x64-msvc': [ '14.2.6' ],
241 silly audit   '@nicolo-ribaudo/eslint-scope-5-internals': [ '5.1.1-v1' ],
241 silly audit   '@nodelib/fs.scandir': [ '2.1.5' ],
241 silly audit   '@nodelib/fs.stat': [ '2.0.5' ],
241 silly audit   '@nodelib/fs.walk': [ '1.2.8' ],
241 silly audit   '@nolyfill/is-core-module': [ '1.0.39' ],
241 silly audit   '@pkgjs/parseargs': [ '0.11.0' ],
241 silly audit   '@pkgr/core': [ '0.1.1' ],
241 silly audit   '@radix-ui/react-compose-refs': [ '1.1.0' ],
241 silly audit   '@radix-ui/react-slot': [ '1.1.0' ],
241 silly audit   '@rtsao/scc': [ '1.1.0' ],
241 silly audit   '@rushstack/eslint-patch': [ '1.10.4' ],
241 silly audit   '@swc/counter': [ '0.1.3' ],
241 silly audit   '@swc/helpers': [ '0.5.5' ],
241 silly audit   '@tailwindcss/typography': [ '0.5.15' ],
241 silly audit   'postcss-selector-parser': [ '6.0.10', '6.1.2' ],
241 silly audit   '@tootallnate/quickjs-emscripten': [ '0.23.0' ],
241 silly audit   '@tsconfig/node10': [ '1.0.11' ],
241 silly audit   '@tsconfig/node12': [ '1.0.11' ],
241 silly audit   '@tsconfig/node14': [ '1.0.3' ],
241 silly audit   '@tsconfig/node16': [ '1.0.4' ],
241 silly audit   '@turbo/gen': [ '1.13.4' ],
241 silly audit   '@turbo/workspaces': [ '1.13.4' ],
241 silly audit   '@types/eslint': [ '8.56.12' ],
241 silly audit   '@types/estree': [ '1.0.5' ],
241 silly audit   '@types/glob': [ '7.2.0' ],
241 silly audit   '@types/inquirer': [ '6.5.0' ],
241 silly audit   rxjs: [ '6.6.7', '7.8.1' ],
241 silly audit   tslib: [ '1.14.1', '2.7.0' ],
241 silly audit   '@types/json-schema': [ '7.0.15' ],
241 silly audit   '@types/json5': [ '0.0.29' ],
241 silly audit   '@types/minimatch': [ '5.1.2' ],
241 silly audit   '@types/node': [ '20.16.5' ],
241 silly audit   '@types/normalize-package-data': [ '2.4.4' ],
241 silly audit   '@types/prop-types': [ '15.7.12' ],
241 silly audit   '@types/react': [ '18.3.5' ],
241 silly audit   '@types/react-dom': [ '18.3.0' ],
241 silly audit   '@types/semver': [ '7.5.8' ],
241 silly audit   '@types/through': [ '0.0.33' ],
241 silly audit   '@types/tinycolor2': [ '1.4.6' ],
241 silly audit   '@typescript-eslint/eslint-plugin': [ '7.18.0', '6.21.0' ],
241 silly audit   '@typescript-eslint/parser': [ '7.18.0', '6.21.0', '7.2.0' ],
241 silly audit   '@typescript-eslint/scope-manager': [ '7.18.0', '6.21.0', '7.2.0', '5.62.0' ],
241 silly audit   '@typescript-eslint/type-utils': [ '7.18.0', '6.21.0' ],
241 silly audit   '@typescript-eslint/types': [ '7.18.0', '6.21.0', '7.2.0', '5.62.0' ],
241 silly audit   '@typescript-eslint/typescript-estree': [ '7.18.0', '6.21.0', '7.2.0', '5.62.0' ],
241 silly audit   '@typescript-eslint/utils': [ '7.18.0', '6.21.0', '5.62.0' ],
241 silly audit   '@typescript-eslint/visitor-keys': [ '7.18.0', '6.21.0', '7.2.0', '5.62.0' ],
241 silly audit   '@ungap/structured-clone': [ '1.2.0' ],
241 silly audit   '@vercel/style-guide': [ '5.2.0' ],
241 silly audit   acorn: [ '8.12.1' ],
241 silly audit   'acorn-jsx': [ '5.3.2' ],
241 silly audit   'acorn-walk': [ '8.3.4' ],
241 silly audit   'agent-base': [ '7.1.1' ],
241 silly audit   'aggregate-error': [ '3.1.0' ],
241 silly audit   ajv: [ '6.12.6' ],
241 silly audit   'ansi-escapes': [ '4.3.2' ],
241 silly audit   'any-promise': [ '1.3.0' ],
241 silly audit   anymatch: [ '3.1.3' ],
241 silly audit   arg: [ '4.1.3', '5.0.2' ],
241 silly audit   argparse: [ '2.0.1' ],
241 silly audit   'aria-query': [ '5.1.3' ],
241 silly audit   'array-buffer-byte-length': [ '1.0.1' ],
241 silly audit   'array-includes': [ '3.1.8' ],
241 silly audit   'array-union': [ '2.1.0' ],
241 silly audit   'array.prototype.findlast': [ '1.2.5' ],
241 silly audit   'array.prototype.findlastindex': [ '1.2.5' ],
241 silly audit   'array.prototype.flat': [ '1.3.2' ],
241 silly audit   'array.prototype.flatmap': [ '1.3.2' ],
241 silly audit   'array.prototype.tosorted': [ '1.1.4' ],
241 silly audit   'arraybuffer.prototype.slice': [ '1.0.3' ],
241 silly audit   'ast-types': [ '0.13.4' ],
241 silly audit   'ast-types-flow': [ '0.0.8' ],
241 silly audit   autoprefixer: [ '10.4.20' ],
241 silly audit   'available-typed-arrays': [ '1.0.7' ],
241 silly audit   'axe-core': [ '4.10.0' ],
241 silly audit   'axobject-query': [ '4.1.0' ],
241 silly audit   'balanced-match': [ '1.0.2' ],
241 silly audit   'base64-js': [ '1.5.1' ],
241 silly audit   'basic-ftp': [ '5.0.5' ],
241 silly audit   'binary-extensions': [ '2.3.0' ],
241 silly audit   bl: [ '4.1.0' ],
241 silly audit   braces: [ '3.0.3' ],
241 silly audit   browserslist: [ '4.23.3' ],
241 silly audit   buffer: [ '5.7.1' ],
241 silly audit   'builtin-modules': [ '3.3.0' ],
241 silly audit   busboy: [ '1.6.0' ],
241 silly audit   'call-bind': [ '1.0.7' ],
241 silly audit   callsites: [ '3.1.0' ],
241 silly audit   'camel-case': [ '3.0.0' ],
241 silly audit   'camelcase-css': [ '2.0.1' ],
241 silly audit   'caniuse-lite': [ '1.0.30001660' ],
241 silly audit   chalk: [ '2.4.2', '4.1.2', '3.0.0' ],
241 silly audit   'change-case': [ '3.1.0' ],
241 silly audit   chardet: [ '0.7.0' ],
241 silly audit   chokidar: [ '3.6.0' ],
241 silly audit   'glob-parent': [ '5.1.2', '6.0.2' ],
241 silly audit   'ci-info': [ '3.9.0' ],
241 silly audit   'class-variance-authority': [ '0.7.0' ],
241 silly audit   clsx: [ '2.0.0', '2.1.1' ],
241 silly audit   'clean-regexp': [ '1.0.0' ],
241 silly audit   'clean-stack': [ '2.2.0' ],
241 silly audit   'cli-cursor': [ '3.1.0' ],
241 silly audit   'cli-spinners': [ '2.9.2' ],
241 silly audit   'cli-width': [ '3.0.0' ],
241 silly audit   'client-only': [ '0.0.1' ],
241 silly audit   clone: [ '1.0.4' ],
241 silly audit   'color-convert': [ '1.9.3', '2.0.1' ],
241 silly audit   'color-name': [ '1.1.3', '1.1.4' ],
241 silly audit   commander: [ '10.0.1', '4.1.1' ],
241 silly audit   'concat-map': [ '0.0.1' ],
241 silly audit   'constant-case': [ '2.0.0' ],
241 silly audit   'convert-source-map': [ '2.0.0' ],
241 silly audit   'core-js-pure': [ '3.38.1' ],
241 silly audit   'create-require': [ '1.1.1' ],
241 silly audit   'cross-spawn': [ '7.0.3' ],
241 silly audit   cssesc: [ '3.0.0' ],
241 silly audit   csstype: [ '3.1.3' ],
241 silly audit   'damerau-levenshtein': [ '1.0.8' ],
241 silly audit   'data-uri-to-buffer': [ '6.0.2' ],
241 silly audit   'data-view-buffer': [ '1.0.1' ],
241 silly audit   'data-view-byte-length': [ '1.0.1' ],
241 silly audit   'data-view-byte-offset': [ '1.0.0' ],
241 silly audit   debug: [ '4.3.7', '3.2.7' ],
241 silly audit   'deep-equal': [ '2.2.3' ],
241 silly audit   'deep-extend': [ '0.6.0' ],
241 silly audit   'deep-is': [ '0.1.4' ],
241 silly audit   defaults: [ '1.0.4' ],
241 silly audit   'define-data-property': [ '1.1.4' ],
241 silly audit   'define-properties': [ '1.2.1' ],
241 silly audit   degenerator: [ '5.0.1' ],
241 silly audit   del: [ '5.1.0' ],
241 silly audit   glob: [ '7.2.3', '10.3.10' ],
241 silly audit   globby: [ '10.0.2', '11.1.0', '13.2.2' ],
241 silly audit   'detect-indent': [ '7.0.1' ],
241 silly audit   'detect-newline': [ '4.0.1' ],
241 silly audit   didyoumean: [ '1.2.2' ],
241 silly audit   diff: [ '4.0.2' ],
241 silly audit   'dir-glob': [ '3.0.1' ],
241 silly audit   dlv: [ '1.1.3' ],
241 silly audit   doctrine: [ '3.0.0', '2.1.0' ],
241 silly audit   'dot-case': [ '2.1.1' ],
241 silly audit   dotenv: [ '16.0.3' ],
241 silly audit   eastasianwidth: [ '0.2.0' ],
241 silly audit   'electron-to-chromium': [ '1.5.23' ],
241 silly audit   'embla-carousel': [ '8.3.0' ],
241 silly audit   'embla-carousel-react': [ '8.3.0' ],
241 silly audit   'embla-carousel-reactive-utils': [ '8.3.0' ],
241 silly audit   'emoji-regex': [ '9.2.2', '8.0.0' ],
241 silly audit   'enhanced-resolve': [ '5.17.1' ],
241 silly audit   'error-ex': [ '1.3.2' ],
241 silly audit   'es-abstract': [ '1.23.3' ],
241 silly audit   'es-define-property': [ '1.0.0' ],
241 silly audit   'es-errors': [ '1.3.0' ],
241 silly audit   'es-get-iterator': [ '1.1.3' ],
241 silly audit   'es-iterator-helpers': [ '1.0.19' ],
241 silly audit   'es-object-atoms': [ '1.0.0' ],
241 silly audit   'es-set-tostringtag': [ '2.0.3' ],
241 silly audit   'es-shim-unscopables': [ '1.0.2' ],
241 silly audit   'es-to-primitive': [ '1.2.1' ],
241 silly audit   escalade: [ '3.2.0' ],
241 silly audit   'escape-string-regexp': [ '1.0.5', '4.0.0' ],
241 silly audit   escodegen: [ '2.1.0' ],
241 silly audit   eslint: [ '8.57.0' ],
241 silly audit   'eslint-config-next': [ '14.2.6' ],
241 silly audit   'eslint-config-prettier': [ '9.1.0' ],
241 silly audit   'eslint-config-turbo': [ '2.1.2' ],
241 silly audit   'eslint-import-resolver-alias': [ '1.1.2' ],
241 silly audit   'eslint-import-resolver-node': [ '0.3.9' ],
241 silly audit   'eslint-import-resolver-typescript': [ '3.6.3' ],
241 silly audit   'eslint-module-utils': [ '2.11.0' ],
241 silly audit   'eslint-plugin-eslint-comments': [ '3.2.0' ],
241 silly audit   'eslint-plugin-import': [ '2.30.0' ],
241 silly audit   'eslint-plugin-jest': [ '27.9.0' ],
241 silly audit   'eslint-plugin-jsx-a11y': [ '6.10.0' ],
241 silly audit   'eslint-plugin-only-warn': [ '1.1.0' ],
241 silly audit   'eslint-plugin-playwright': [ '0.16.0' ],
241 silly audit   'eslint-plugin-react': [ '7.36.1' ],
241 silly audit   'eslint-plugin-react-hooks': [ '4.6.2' ],
241 silly audit   'eslint-plugin-testing-library': [ '6.3.0' ],
241 silly audit   'eslint-plugin-tsdoc': [ '0.2.17' ],
241 silly audit   'eslint-plugin-turbo': [ '2.1.2' ],
241 silly audit   'eslint-plugin-unicorn': [ '48.0.1' ],
241 silly audit   jsesc: [ '3.0.2', '2.5.2', '0.5.0' ],
241 silly audit   'eslint-scope': [ '5.1.1', '7.2.2' ],
241 silly audit   estraverse: [ '4.3.0', '5.3.0' ],
241 silly audit   'has-flag': [ '4.0.0', '3.0.0' ],
241 silly audit   'supports-color': [ '7.2.0', '5.5.0' ],
241 silly audit   espree: [ '9.6.1' ],
241 silly audit   esprima: [ '4.0.1' ],
241 silly audit   esquery: [ '1.6.0' ],
241 silly audit   esrecurse: [ '4.3.0' ],
241 silly audit   esutils: [ '2.0.3' ],
241 silly audit   execa: [ '5.1.1' ],
241 silly audit   'external-editor': [ '3.1.0' ],
241 silly audit   'fast-deep-equal': [ '3.1.3' ],
241 silly audit   'fast-glob': [ '3.3.2' ],
241 silly audit   'fast-json-stable-stringify': [ '2.1.0' ],
241 silly audit   'fast-levenshtein': [ '2.0.6' ],
241 silly audit   fastq: [ '1.17.1' ],
241 silly audit   figures: [ '3.2.0' ],
241 silly audit   'file-entry-cache': [ '6.0.1' ],
241 silly audit   'fill-range': [ '7.1.1' ],
241 silly audit   'find-up': [ '5.0.0', '4.1.0' ],
241 silly audit   'flat-cache': [ '3.2.0' ],
241 silly audit   flatted: [ '3.3.1' ],
241 silly audit   'for-each': [ '0.3.3' ],
241 silly audit   'foreground-child': [ '3.3.0' ],
241 silly audit   'signal-exit': [ '4.1.0', '3.0.7' ],
241 silly audit   'fraction.js': [ '4.3.7' ],
241 silly audit   'fs-extra': [ '10.1.0', '11.2.0' ],
241 silly audit   'fs.realpath': [ '1.0.0' ],
241 silly audit   fsevents: [ '2.3.3' ],
241 silly audit   'function-bind': [ '1.1.2' ],
241 silly audit   'function.prototype.name': [ '1.1.6' ],
241 silly audit   'functions-have-names': [ '1.2.3' ],
241 silly audit   gensync: [ '1.0.0-beta.2' ],
241 silly audit   'get-intrinsic': [ '1.2.4' ],
241 silly audit   'get-stdin': [ '9.0.0' ],
241 silly audit   'get-stream': [ '6.0.1' ],
241 silly audit   'get-symbol-description': [ '1.0.2' ],
241 silly audit   'get-tsconfig': [ '4.8.1' ],
241 silly audit   'get-uri': [ '6.0.3' ],
241 silly audit   'git-hooks-list': [ '3.1.0' ],
241 silly audit   globalthis: [ '1.0.4' ],
241 silly audit   gopd: [ '1.0.1' ],
241 silly audit   'graceful-fs': [ '4.2.11' ],
241 silly audit   'gradient-string': [ '2.0.2' ],
241 silly audit   graphemer: [ '1.4.0' ],
241 silly audit   handlebars: [ '4.7.8' ],
241 silly audit   'has-bigints': [ '1.0.2' ],
241 silly audit   'has-property-descriptors': [ '1.0.2' ],
241 silly audit   'has-proto': [ '1.0.3' ],
241 silly audit   'has-symbols': [ '1.0.3' ],
241 silly audit   'has-tostringtag': [ '1.0.2' ],
241 silly audit   hasown: [ '2.0.2' ],
241 silly audit   'header-case': [ '1.0.1' ],
241 silly audit   'hosted-git-info': [ '2.8.9' ],
241 silly audit   'http-proxy-agent': [ '7.0.2' ],
241 silly audit   'https-proxy-agent': [ '7.0.5' ],
241 silly audit   'human-signals': [ '2.1.0' ],
241 silly audit   'iconv-lite': [ '0.4.24' ],
241 silly audit   ieee754: [ '1.2.1' ],
241 silly audit   ignore: [ '5.3.2' ],
241 silly audit   'import-fresh': [ '3.3.0' ],
241 silly audit   imurmurhash: [ '0.1.4' ],
241 silly audit   'indent-string': [ '4.0.0' ],
241 silly audit   inflight: [ '1.0.6' ],
241 silly audit   inherits: [ '2.0.4' ],
241 silly audit   ini: [ '1.3.8' ],
241 silly audit   inquirer: [ '8.2.6', '7.3.3' ],
241 silly audit   'log-symbols': [ '4.1.0', '3.0.0' ],
241 silly audit   ora: [ '5.4.1', '4.1.1' ],
241 silly audit   'internal-slot': [ '1.0.7' ],
241 silly audit   'ip-address': [ '9.0.5' ],
241 silly audit   'is-arguments': [ '1.1.1' ],
241 silly audit   'is-array-buffer': [ '3.0.4' ],
241 silly audit   'is-arrayish': [ '0.2.1' ],
241 silly audit   'is-async-function': [ '2.0.0' ],
241 silly audit   'is-bigint': [ '1.0.4' ],
241 silly audit   'is-binary-path': [ '2.1.0' ],
241 silly audit   'is-boolean-object': [ '1.1.2' ],
241 silly audit   'is-builtin-module': [ '3.2.1' ],
241 silly audit   'is-bun-module': [ '1.2.1' ],
241 silly audit   'is-callable': [ '1.2.7' ],
241 silly audit   'is-core-module': [ '2.15.1' ],
241 silly audit   'is-data-view': [ '1.0.1' ],
241 silly audit   'is-date-object': [ '1.0.5' ],
241 silly audit   'is-extglob': [ '2.1.1' ],
241 silly audit   'is-finalizationregistry': [ '1.0.2' ],
241 silly audit   'is-fullwidth-code-point': [ '3.0.0' ],
241 silly audit   'is-generator-function': [ '1.0.10' ],
241 silly audit   'is-glob': [ '4.0.3' ],
241 silly audit   'is-interactive': [ '1.0.0' ],
241 silly audit   'is-lower-case': [ '1.1.3' ],
241 silly audit   'is-map': [ '2.0.3' ],
241 silly audit   'is-negative-zero': [ '2.0.3' ],
241 silly audit   'is-number': [ '7.0.0' ],
241 silly audit   'is-number-object': [ '1.0.7' ],
241 silly audit   'is-path-cwd': [ '2.2.0' ],
241 silly audit   'is-path-inside': [ '3.0.3' ],
241 silly audit   'is-plain-obj': [ '4.1.0' ],
241 silly audit   'is-regex': [ '1.1.4' ],
241 silly audit   'is-set': [ '2.0.3' ],
241 silly audit   'is-shared-array-buffer': [ '1.0.3' ],
241 silly audit   'is-stream': [ '2.0.1' ],
241 silly audit   'is-string': [ '1.0.7' ],
241 silly audit   'is-symbol': [ '1.0.4' ],
241 silly audit   'is-typed-array': [ '1.1.13' ],
241 silly audit   'is-unicode-supported': [ '0.1.0' ],
241 silly audit   'is-upper-case': [ '1.1.2' ],
241 silly audit   'is-weakmap': [ '2.0.2' ],
241 silly audit   'is-weakref': [ '1.0.2' ],
241 silly audit   'is-weakset': [ '2.0.3' ],
241 silly audit   isarray: [ '2.0.5' ],
241 silly audit   isbinaryfile: [ '4.0.10' ],
241 silly audit   isexe: [ '2.0.0' ],
241 silly audit   'iterator.prototype': [ '1.1.2' ],
241 silly audit   jackspeak: [ '2.3.6' ],
241 silly audit   jiti: [ '1.21.6' ],
241 silly audit   jju: [ '1.4.0' ],
241 silly audit   'js-tokens': [ '4.0.0' ],
241 silly audit   'js-yaml': [ '4.1.0' ],
241 silly audit   jsbn: [ '1.1.0' ],
241 silly audit   'json-buffer': [ '3.0.1' ],
241 silly audit   'json-parse-even-better-errors': [ '2.3.1' ],
241 silly audit   'json-schema-traverse': [ '0.4.1' ],
241 silly audit   'json-stable-stringify-without-jsonify': [ '1.0.1' ],
241 silly audit   json5: [ '2.2.3', '1.0.2' ],
241 silly audit   jsonfile: [ '6.1.0' ],
241 silly audit   'jsx-ast-utils': [ '3.3.5' ],
241 silly audit   keyv: [ '4.5.4' ],
241 silly audit   'language-subtag-registry': [ '0.3.23' ],
241 silly audit   'language-tags': [ '1.0.9' ],
241 silly audit   levn: [ '0.4.1' ],
241 silly audit   lilconfig: [ '2.1.0', '3.1.2' ],
241 silly audit   'lines-and-columns': [ '1.2.4' ],
241 silly audit   'locate-path': [ '6.0.0', '5.0.0' ],
241 silly audit   lodash: [ '4.17.21' ],
241 silly audit   'lodash.castarray': [ '4.4.0' ],
241 silly audit   'lodash.get': [ '4.4.2' ],
241 silly audit   'lodash.isplainobject': [ '4.0.6' ],
241 silly audit   'lodash.merge': [ '4.6.2' ],
241 silly audit   'loose-envify': [ '1.4.0' ],
241 silly audit   'lower-case': [ '1.1.4' ],
241 silly audit   'lower-case-first': [ '1.0.2' ],
241 silly audit   'lru-cache': [ '5.1.1', '10.4.3', '7.18.3' ],
241 silly audit   'lucide-react': [ '0.441.0' ],
241 silly audit   'make-error': [ '1.3.6' ],
241 silly audit   'merge-stream': [ '2.0.0' ],
241 silly audit   merge2: [ '1.4.1' ],
241 silly audit   micromatch: [ '4.0.8' ],
241 silly audit   'mimic-fn': [ '2.1.0' ],
241 silly audit   'min-indent': [ '1.0.1' ],
241 silly audit   minimist: [ '1.2.8' ],
241 silly audit   minipass: [ '7.1.2' ],
241 silly audit   mkdirp: [ '0.5.6' ],
241 silly audit   ms: [ '2.1.3' ],
241 silly audit   'mute-stream': [ '0.0.8' ],
241 silly audit   mz: [ '2.7.0' ],
241 silly audit   nanoid: [ '3.3.7' ],
241 silly audit   'natural-compare': [ '1.4.0' ],
241 silly audit   'neo-async': [ '2.6.2' ],
241 silly audit   netmask: [ '2.0.2' ],
241 silly audit   next: [ '14.2.6' ],
241 silly audit   'next-themes': [ '0.3.0' ],
241 silly audit   'no-case': [ '2.3.2' ],
241 silly audit   'node-plop': [ '0.26.3' ],
241 silly audit   'node-releases': [ '2.0.18' ],
241 silly audit   'normalize-package-data': [ '2.5.0' ],
241 silly audit   'normalize-path': [ '3.0.0' ],
241 silly audit   'normalize-range': [ '0.1.2' ],
241 silly audit   'npm-run-path': [ '4.0.1' ],
241 silly audit   'object-assign': [ '4.1.1' ],
241 silly audit   'object-hash': [ '3.0.0' ],
241 silly audit   'object-inspect': [ '1.13.2' ],
241 silly audit   'object-is': [ '1.1.6' ],
241 silly audit   'object-keys': [ '1.1.1' ],
241 silly audit   'object.assign': [ '4.1.5' ],
241 silly audit   'object.entries': [ '1.1.8' ],
241 silly audit   'object.fromentries': [ '2.0.8' ],
241 silly audit   'object.groupby': [ '1.0.3' ],
241 silly audit   'object.values': [ '1.2.0' ],
241 silly audit   once: [ '1.4.0' ],
241 silly audit   onetime: [ '5.1.2' ],
241 silly audit   optionator: [ '0.9.4' ],
241 silly audit   'os-tmpdir': [ '1.0.2' ],
241 silly audit   'p-limit': [ '3.1.0', '2.3.0' ],
241 silly audit   'p-locate': [ '5.0.0', '4.1.0' ],
241 silly audit   'p-map': [ '3.0.0' ],
241 silly audit   'p-try': [ '2.2.0' ],
241 silly audit   'pac-proxy-agent': [ '7.0.2' ],
241 silly audit   'pac-resolver': [ '7.0.1' ],
241 silly audit   'param-case': [ '2.1.1' ],
241 silly audit   'parent-module': [ '1.0.1' ],
241 silly audit   'parse-json': [ '5.2.0' ],
241 silly audit   'pascal-case': [ '2.0.1' ],
241 silly audit   'path-case': [ '2.1.1' ],
241 silly audit   'path-exists': [ '4.0.0' ],
241 silly audit   'path-is-absolute': [ '1.0.1' ],
241 silly audit   'path-key': [ '3.1.1' ],
241 silly audit   'path-parse': [ '1.0.7' ],
241 silly audit   'path-scurry': [ '1.11.1' ],
241 silly audit   'path-type': [ '4.0.0' ],
241 silly audit   picocolors: [ '1.1.0' ],
241 silly audit   picomatch: [ '2.3.1' ],
241 silly audit   pify: [ '2.3.0' ],
241 silly audit   pirates: [ '4.0.6' ],
241 silly audit   pluralize: [ '8.0.0' ],
241 silly audit   'possible-typed-array-names': [ '1.0.0' ],
241 silly audit   postcss: [ '8.4.31' ],
241 silly audit   'postcss-import': [ '15.1.0' ],
241 silly audit   'postcss-js': [ '4.0.1' ],
241 silly audit   'postcss-load-config': [ '4.0.2' ],
241 silly audit   'postcss-nested': [ '6.2.0' ],
241 silly audit   'postcss-value-parser': [ '4.2.0' ],
241 silly audit   'prelude-ls': [ '1.2.1' ],
241 silly audit   prettier: [ '3.3.3' ],
241 silly audit   'prettier-plugin-packagejson': [ '2.5.2' ],
241 silly audit   'prop-types': [ '15.8.1' ],
241 silly audit   'proxy-agent': [ '6.4.0' ],
241 silly audit   'proxy-from-env': [ '1.1.0' ],
241 silly audit   punycode: [ '2.3.1' ],
241 silly audit   'queue-microtask': [ '1.2.3' ],
241 silly audit   rc: [ '1.2.8' ],
241 silly audit   'strip-json-comments': [ '2.0.1', '3.1.1' ],
241 silly audit   react: [ '18.3.1' ],
241 silly audit   'react-dom': [ '18.3.1' ],
241 silly audit   'react-icons': [ '5.3.0' ],
241 silly audit   'react-is': [ '16.13.1' ],
241 silly audit   'read-cache': [ '1.0.0' ],
241 silly audit   'read-pkg': [ '5.2.0' ],
241 silly audit   'read-pkg-up': [ '7.0.1' ],
241 silly audit   'readable-stream': [ '3.6.2' ],
241 silly audit   readdirp: [ '3.6.0' ],
241 silly audit   'reflect.getprototypeof': [ '1.0.6' ],
241 silly audit   'regenerator-runtime': [ '0.14.1' ],
241 silly audit   'regexp-tree': [ '0.1.27' ],
241 silly audit   'regexp.prototype.flags': [ '1.5.2' ],
241 silly audit   'registry-auth-token': [ '3.3.2' ],
241 silly audit   'registry-url': [ '3.1.0' ],
241 silly audit   regjsparser: [ '0.10.0' ],
241 silly audit   'resolve-from': [ '4.0.0' ],
241 silly audit   'resolve-pkg-maps': [ '1.0.0' ],
241 silly audit   'restore-cursor': [ '3.1.0' ],
241 silly audit   reusify: [ '1.0.4' ],
241 silly audit   rimraf: [ '3.0.2' ],
241 silly audit   'run-async': [ '2.4.1' ],
241 silly audit   'run-parallel': [ '1.2.0' ],
241 silly audit   'safe-array-concat': [ '1.1.2' ],
241 silly audit   'safe-buffer': [ '5.2.1' ],
241 silly audit   'safe-regex-test': [ '1.0.3' ],
241 silly audit   'safer-buffer': [ '2.1.2' ],
241 silly audit   scheduler: [ '0.23.2' ],
241 silly audit   'sentence-case': [ '2.1.1' ],
241 silly audit   'set-function-length': [ '1.2.2' ],
241 silly audit   'set-function-name': [ '2.0.2' ],
241 silly audit   'shebang-command': [ '2.0.0' ],
241 silly audit   'shebang-regex': [ '3.0.0' ],
241 silly audit   'side-channel': [ '1.0.6' ],
241 silly audit   slash: [ '3.0.0', '4.0.0' ],
241 silly audit   'smart-buffer': [ '4.2.0' ],
241 silly audit   'snake-case': [ '2.1.0' ],
241 silly audit   socks: [ '2.8.3' ],
241 silly audit   'socks-proxy-agent': [ '8.0.4' ],
241 silly audit   'sort-object-keys': [ '1.1.3' ],
241 silly audit   'sort-package-json': [ '2.10.1' ],
241 silly audit   'source-map': [ '0.6.1' ],
241 silly audit   'source-map-js': [ '1.2.1' ],
241 silly audit   'spdx-correct': [ '3.2.0' ],
241 silly audit   'spdx-exceptions': [ '2.5.0' ],
241 silly audit   'spdx-expression-parse': [ '3.0.1' ],
241 silly audit   'spdx-license-ids': [ '3.0.20' ],
241 silly audit   'sprintf-js': [ '1.1.3' ],
241 silly audit   'stop-iteration-iterator': [ '1.0.0' ],
241 silly audit   streamsearch: [ '1.1.0' ],
241 silly audit   string_decoder: [ '1.3.0' ],
241 silly audit   'string.prototype.includes': [ '2.0.0' ],
241 silly audit   'string.prototype.matchall': [ '4.0.11' ],
241 silly audit   'string.prototype.repeat': [ '1.0.0' ],
241 silly audit   'string.prototype.trim': [ '1.2.9' ],
241 silly audit   'string.prototype.trimend': [ '1.0.8' ],
241 silly audit   'string.prototype.trimstart': [ '1.0.8' ],
241 silly audit   'strip-bom': [ '3.0.0' ],
241 silly audit   'strip-final-newline': [ '2.0.0' ],
241 silly audit   'strip-indent': [ '3.0.0' ],
241 silly audit   'styled-jsx': [ '5.1.1' ],
241 silly audit   sucrase: [ '3.35.0' ],
241 silly audit   'supports-preserve-symlinks-flag': [ '1.0.0' ],
241 silly audit   'swap-case': [ '1.1.2' ],
241 silly audit   synckit: [ '0.9.1' ],
241 silly audit   'tailwind-merge': [ '2.5.2' ],
241 silly audit   tailwindcss: [ '3.4.11' ],
241 silly audit   'tailwindcss-animate': [ '1.0.7' ],
241 silly audit   tapable: [ '2.2.1' ],
241 silly audit   'text-table': [ '0.2.0' ],
241 silly audit   thenify: [ '3.3.1' ],
241 silly audit   'thenify-all': [ '1.6.0' ],
241 silly audit   through: [ '2.3.8' ],
241 silly audit   tinycolor2: [ '1.6.0' ],
241 silly audit   tinygradient: [ '1.1.5' ],
241 silly audit   'title-case': [ '2.1.1' ],
241 silly audit   tmp: [ '0.0.33' ],
241 silly audit   'to-fast-properties': [ '2.0.0' ],
241 silly audit   'to-regex-range': [ '5.0.1' ],
241 silly audit   'ts-api-utils': [ '1.3.0' ],
241 silly audit   'ts-interface-checker': [ '0.1.13' ],
241 silly audit   'ts-node': [ '10.9.2' ],
241 silly audit   'tsconfig-paths': [ '3.15.0' ],
241 silly audit   tsutils: [ '3.21.0' ],
241 silly audit   'type-check': [ '0.4.0' ],
241 silly audit   'typed-array-buffer': [ '1.0.2' ],
241 silly audit   'typed-array-byte-length': [ '1.0.1' ],
241 silly audit   'typed-array-byte-offset': [ '1.0.2' ],
241 silly audit   'typed-array-length': [ '1.0.6' ],
241 silly audit   typescript: [ '5.6.2' ],
241 silly audit   'uglify-js': [ '3.19.3' ],
241 silly audit   'unbox-primitive': [ '1.0.2' ],
241 silly audit   'undici-types': [ '6.19.8' ],
241 silly audit   universalify: [ '2.0.1' ],
241 silly audit   'update-browserslist-db': [ '1.1.0' ],
241 silly audit   'update-check': [ '1.5.4' ],
241 silly audit   'upper-case': [ '1.1.3' ],
241 silly audit   'upper-case-first': [ '1.1.2' ],
241 silly audit   'uri-js': [ '4.4.1' ],
241 silly audit   'util-deprecate': [ '1.0.2' ],
241 silly audit   'v8-compile-cache-lib': [ '3.0.1' ],
241 silly audit   'validate-npm-package-license': [ '3.0.4' ],
241 silly audit   'validate-npm-package-name': [ '5.0.1' ],
241 silly audit   wcwidth: [ '1.0.1' ],
241 silly audit   which: [ '2.0.2' ],
241 silly audit   'which-boxed-primitive': [ '1.0.2' ],
241 silly audit   'which-builtin-type': [ '1.1.4' ],
241 silly audit   'which-collection': [ '1.0.2' ],
241 silly audit   'which-typed-array': [ '1.1.15' ],
241 silly audit   'word-wrap': [ '1.2.5' ],
241 silly audit   wordwrap: [ '1.0.0' ],
241 silly audit   wrappy: [ '1.0.2' ],
241 silly audit   yallist: [ '3.1.1' ],
241 silly audit   yaml: [ '2.5.1' ],
241 silly audit   yn: [ '3.1.1' ],
241 silly audit   'yocto-queue': [ '0.1.0' ],
241 silly audit   '@repo/eslint-config': [ '0.0.0' ],
241 silly audit   '@repo/typescript-config': [ '0.0.0' ],
241 silly audit   '@repo/ui': [ '0.0.0' ],
241 silly audit   '@radix-ui/react-dropdown-menu': [ '2.1.1' ],
241 silly audit   '@radix-ui/primitive': [ '1.1.0' ],
241 silly audit   '@radix-ui/react-context': [ '1.1.0' ],
241 silly audit   '@radix-ui/react-id': [ '1.1.0' ],
241 silly audit   '@radix-ui/react-menu': [ '2.1.1' ],
241 silly audit   '@radix-ui/react-primitive': [ '2.0.0' ],
241 silly audit   '@radix-ui/react-use-controllable-state': [ '1.1.0' ],
241 silly audit   '@radix-ui/react-use-layout-effect': [ '1.1.0' ],
241 silly audit   '@radix-ui/react-collection': [ '1.1.0' ],
241 silly audit   '@radix-ui/react-direction': [ '1.1.0' ],
241 silly audit   '@radix-ui/react-dismissable-layer': [ '1.1.0' ],
241 silly audit   '@radix-ui/react-focus-guards': [ '1.1.0' ],
241 silly audit   '@radix-ui/react-focus-scope': [ '1.1.0' ],
241 silly audit   '@radix-ui/react-popper': [ '1.2.0' ],
241 silly audit   '@radix-ui/react-portal': [ '1.1.1' ],
241 silly audit   '@radix-ui/react-presence': [ '1.1.0' ],
241 silly audit   '@radix-ui/react-roving-focus': [ '1.1.0' ],
241 silly audit   '@radix-ui/react-use-callback-ref': [ '1.1.0' ],
241 silly audit   'aria-hidden': [ '1.2.4' ],
241 silly audit   'react-remove-scroll': [ '2.5.7' ],
241 silly audit   '@radix-ui/react-use-escape-keydown': [ '1.1.0' ],
241 silly audit   '@floating-ui/react-dom': [ '2.1.2' ],
241 silly audit   '@radix-ui/react-arrow': [ '1.1.0' ],
241 silly audit   '@radix-ui/react-use-rect': [ '1.1.0' ],
241 silly audit   '@radix-ui/react-use-size': [ '1.1.0' ],
241 silly audit   '@radix-ui/rect': [ '1.1.0' ],
241 silly audit   '@floating-ui/dom': [ '1.6.11' ],
241 silly audit   '@floating-ui/core': [ '1.6.8' ],
241 silly audit   '@floating-ui/utils': [ '0.2.8' ],
241 silly audit   'react-remove-scroll-bar': [ '2.3.6' ],
241 silly audit   'react-style-singleton': [ '2.2.1' ],
241 silly audit   'use-callback-ref': [ '1.3.2' ],
241 silly audit   'use-sidecar': [ '1.1.2' ],
241 silly audit   'get-nonce': [ '1.0.1' ],
241 silly audit   invariant: [ '2.2.4' ],
241 silly audit   'detect-node-es': [ '1.1.0' ]
241 silly audit }
242 verbose reify failed optional dependency D:\Projects\turborepo-snef\node_modules\fsevents
243 silly reify mark deleted [ 'D:\\Projects\\turborepo-snef\\node_modules\\fsevents' ]
244 verbose reify failed optional dependency D:\Projects\turborepo-snef\node_modules\@next\swc-win32-ia32-msvc
245 silly reify mark deleted [
245 silly reify   'D:\\Projects\\turborepo-snef\\node_modules\\@next\\swc-win32-ia32-msvc'
245 silly reify ]
246 verbose reify failed optional dependency D:\Projects\turborepo-snef\node_modules\@next\swc-win32-arm64-msvc
247 silly reify mark deleted [
247 silly reify   'D:\\Projects\\turborepo-snef\\node_modules\\@next\\swc-win32-arm64-msvc'
247 silly reify ]
248 verbose reify failed optional dependency D:\Projects\turborepo-snef\node_modules\@next\swc-linux-x64-musl
249 silly reify mark deleted [
249 silly reify   'D:\\Projects\\turborepo-snef\\node_modules\\@next\\swc-linux-x64-musl'
249 silly reify ]
250 verbose reify failed optional dependency D:\Projects\turborepo-snef\node_modules\@next\swc-linux-x64-gnu
251 silly reify mark deleted [
251 silly reify   'D:\\Projects\\turborepo-snef\\node_modules\\@next\\swc-linux-x64-gnu'
251 silly reify ]
252 verbose reify failed optional dependency D:\Projects\turborepo-snef\node_modules\@next\swc-linux-arm64-musl
253 silly reify mark deleted [
253 silly reify   'D:\\Projects\\turborepo-snef\\node_modules\\@next\\swc-linux-arm64-musl'
253 silly reify ]
254 verbose reify failed optional dependency D:\Projects\turborepo-snef\node_modules\@next\swc-linux-arm64-gnu
255 silly reify mark deleted [
255 silly reify   'D:\\Projects\\turborepo-snef\\node_modules\\@next\\swc-linux-arm64-gnu'
255 silly reify ]
256 verbose reify failed optional dependency D:\Projects\turborepo-snef\node_modules\@next\swc-darwin-x64
257 silly reify mark deleted [ 'D:\\Projects\\turborepo-snef\\node_modules\\@next\\swc-darwin-x64' ]
258 verbose reify failed optional dependency D:\Projects\turborepo-snef\node_modules\@next\swc-darwin-arm64
259 silly reify mark deleted [
259 silly reify   'D:\\Projects\\turborepo-snef\\node_modules\\@next\\swc-darwin-arm64'
259 silly reify ]
260 silly tarball no local data for invariant@https://registry.npmjs.org/invariant/-/invariant-2.2.4.tgz. Extracting by manifest.
261 silly tarball no local data for use-callback-ref@https://registry.npmjs.org/use-callback-ref/-/use-callback-ref-1.3.2.tgz. Extracting by manifest.
262 silly tarball no local data for detect-node-es@https://registry.npmjs.org/detect-node-es/-/detect-node-es-1.1.0.tgz. Extracting by manifest.
263 silly tarball no local data for use-sidecar@https://registry.npmjs.org/use-sidecar/-/use-sidecar-1.1.2.tgz. Extracting by manifest.
264 silly tarball no local data for @floating-ui/utils@https://registry.npmjs.org/@floating-ui/utils/-/utils-0.2.8.tgz. Extracting by manifest.
265 silly tarball no local data for get-nonce@https://registry.npmjs.org/get-nonce/-/get-nonce-1.0.1.tgz. Extracting by manifest.
266 silly tarball no local data for react-remove-scroll-bar@https://registry.npmjs.org/react-remove-scroll-bar/-/react-remove-scroll-bar-2.3.6.tgz. Extracting by manifest.
267 silly tarball no local data for @floating-ui/core@https://registry.npmjs.org/@floating-ui/core/-/core-1.6.8.tgz. Extracting by manifest.
268 silly tarball no local data for react-style-singleton@https://registry.npmjs.org/react-style-singleton/-/react-style-singleton-2.2.1.tgz. Extracting by manifest.
269 silly tarball no local data for @radix-ui/rect@https://registry.npmjs.org/@radix-ui/rect/-/rect-1.1.0.tgz. Extracting by manifest.
270 silly tarball no local data for @floating-ui/dom@https://registry.npmjs.org/@floating-ui/dom/-/dom-1.6.11.tgz. Extracting by manifest.
271 silly tarball no local data for @radix-ui/react-use-size@https://registry.npmjs.org/@radix-ui/react-use-size/-/react-use-size-1.1.0.tgz. Extracting by manifest.
272 silly tarball no local data for @radix-ui/react-use-rect@https://registry.npmjs.org/@radix-ui/react-use-rect/-/react-use-rect-1.1.0.tgz. Extracting by manifest.
273 silly tarball no local data for @radix-ui/react-arrow@https://registry.npmjs.org/@radix-ui/react-arrow/-/react-arrow-1.1.0.tgz. Extracting by manifest.
274 silly tarball no local data for @floating-ui/react-dom@https://registry.npmjs.org/@floating-ui/react-dom/-/react-dom-2.1.2.tgz. Extracting by manifest.
275 silly tarball no local data for @radix-ui/react-use-escape-keydown@https://registry.npmjs.org/@radix-ui/react-use-escape-keydown/-/react-use-escape-keydown-1.1.0.tgz. Extracting by manifest.
276 silly tarball no local data for react-remove-scroll@https://registry.npmjs.org/react-remove-scroll/-/react-remove-scroll-2.5.7.tgz. Extracting by manifest.
277 silly tarball no local data for aria-hidden@https://registry.npmjs.org/aria-hidden/-/aria-hidden-1.2.4.tgz. Extracting by manifest.
278 silly tarball no local data for @radix-ui/react-presence@https://registry.npmjs.org/@radix-ui/react-presence/-/react-presence-1.1.0.tgz. Extracting by manifest.
279 silly tarball no local data for @radix-ui/react-use-callback-ref@https://registry.npmjs.org/@radix-ui/react-use-callback-ref/-/react-use-callback-ref-1.1.0.tgz. Extracting by manifest.
280 silly tarball no local data for @radix-ui/react-popper@https://registry.npmjs.org/@radix-ui/react-popper/-/react-popper-1.2.0.tgz. Extracting by manifest.
281 silly tarball no local data for @radix-ui/react-roving-focus@https://registry.npmjs.org/@radix-ui/react-roving-focus/-/react-roving-focus-1.1.0.tgz. Extracting by manifest.
282 silly tarball no local data for @radix-ui/react-portal@https://registry.npmjs.org/@radix-ui/react-portal/-/react-portal-1.1.1.tgz. Extracting by manifest.
283 silly tarball no local data for @radix-ui/react-focus-scope@https://registry.npmjs.org/@radix-ui/react-focus-scope/-/react-focus-scope-1.1.0.tgz. Extracting by manifest.
284 silly tarball no local data for @radix-ui/react-focus-guards@https://registry.npmjs.org/@radix-ui/react-focus-guards/-/react-focus-guards-1.1.0.tgz. Extracting by manifest.
285 silly tarball no local data for @radix-ui/react-dismissable-layer@https://registry.npmjs.org/@radix-ui/react-dismissable-layer/-/react-dismissable-layer-1.1.0.tgz. Extracting by manifest.
286 silly tarball no local data for @radix-ui/react-direction@https://registry.npmjs.org/@radix-ui/react-direction/-/react-direction-1.1.0.tgz. Extracting by manifest.
287 silly tarball no local data for @radix-ui/react-collection@https://registry.npmjs.org/@radix-ui/react-collection/-/react-collection-1.1.0.tgz. Extracting by manifest.
288 silly tarball no local data for @radix-ui/react-use-controllable-state@https://registry.npmjs.org/@radix-ui/react-use-controllable-state/-/react-use-controllable-state-1.1.0.tgz. Extracting by manifest.
289 silly tarball no local data for @radix-ui/react-primitive@https://registry.npmjs.org/@radix-ui/react-primitive/-/react-primitive-2.0.0.tgz. Extracting by manifest.
290 silly tarball no local data for @radix-ui/react-use-layout-effect@https://registry.npmjs.org/@radix-ui/react-use-layout-effect/-/react-use-layout-effect-1.1.0.tgz. Extracting by manifest.
291 silly tarball no local data for @radix-ui/react-id@https://registry.npmjs.org/@radix-ui/react-id/-/react-id-1.1.0.tgz. Extracting by manifest.
292 silly tarball no local data for @radix-ui/react-menu@https://registry.npmjs.org/@radix-ui/react-menu/-/react-menu-2.1.1.tgz. Extracting by manifest.
293 silly tarball no local data for @radix-ui/react-context@https://registry.npmjs.org/@radix-ui/react-context/-/react-context-1.1.0.tgz. Extracting by manifest.
294 silly tarball no local data for @radix-ui/primitive@https://registry.npmjs.org/@radix-ui/primitive/-/primitive-1.1.0.tgz. Extracting by manifest.
295 silly tarball no local data for @radix-ui/react-dropdown-menu@https://registry.npmjs.org/@radix-ui/react-dropdown-menu/-/react-dropdown-menu-2.1.1.tgz. Extracting by manifest.
296 http fetch POST 200 https://registry.npmjs.org/-/npm/v1/security/advisories/bulk 342ms
297 silly audit report {}
298 http fetch GET 200 https://registry.npmjs.org/detect-node-es/-/detect-node-es-1.1.0.tgz 343ms (cache miss)
299 http fetch GET 200 https://registry.npmjs.org/react-style-singleton/-/react-style-singleton-2.2.1.tgz 334ms (cache miss)
300 http fetch GET 200 https://registry.npmjs.org/get-nonce/-/get-nonce-1.0.1.tgz 338ms (cache miss)
301 http fetch GET 200 https://registry.npmjs.org/invariant/-/invariant-2.2.4.tgz 358ms (cache miss)
302 http fetch GET 200 https://registry.npmjs.org/react-remove-scroll-bar/-/react-remove-scroll-bar-2.3.6.tgz 354ms (cache miss)
303 http fetch GET 200 https://registry.npmjs.org/use-callback-ref/-/use-callback-ref-1.3.2.tgz 368ms (cache miss)
304 http fetch GET 200 https://registry.npmjs.org/@floating-ui/utils/-/utils-0.2.8.tgz 361ms (cache miss)
305 http fetch GET 200 https://registry.npmjs.org/@radix-ui/rect/-/rect-1.1.0.tgz 356ms (cache miss)
306 http fetch GET 200 https://registry.npmjs.org/@floating-ui/react-dom/-/react-dom-2.1.2.tgz 359ms (cache miss)
307 http fetch GET 200 https://registry.npmjs.org/react-remove-scroll/-/react-remove-scroll-2.5.7.tgz 375ms (cache miss)
308 http fetch GET 200 https://registry.npmjs.org/aria-hidden/-/aria-hidden-1.2.4.tgz 395ms (cache miss)
309 http fetch GET 200 https://registry.npmjs.org/@radix-ui/react-use-callback-ref/-/react-use-callback-ref-1.1.0.tgz 408ms (cache miss)
310 http fetch GET 200 https://registry.npmjs.org/@radix-ui/react-use-escape-keydown/-/react-use-escape-keydown-1.1.0.tgz 418ms (cache miss)
311 http fetch GET 200 https://registry.npmjs.org/@radix-ui/react-popper/-/react-popper-1.2.0.tgz 424ms (cache miss)
312 http fetch GET 200 https://registry.npmjs.org/@radix-ui/react-roving-focus/-/react-roving-focus-1.1.0.tgz 424ms (cache miss)
313 http fetch GET 200 https://registry.npmjs.org/@radix-ui/react-focus-scope/-/react-focus-scope-1.1.0.tgz 435ms (cache miss)
314 http fetch GET 200 https://registry.npmjs.org/@radix-ui/react-dismissable-layer/-/react-dismissable-layer-1.1.0.tgz 444ms (cache miss)
315 http fetch GET 200 https://registry.npmjs.org/@radix-ui/react-focus-guards/-/react-focus-guards-1.1.0.tgz 454ms (cache miss)
316 http fetch GET 200 https://registry.npmjs.org/@radix-ui/react-direction/-/react-direction-1.1.0.tgz 459ms (cache miss)
317 http fetch GET 200 https://registry.npmjs.org/@radix-ui/react-use-controllable-state/-/react-use-controllable-state-1.1.0.tgz 474ms (cache miss)
318 http fetch GET 200 https://registry.npmjs.org/@radix-ui/react-collection/-/react-collection-1.1.0.tgz 477ms (cache miss)
319 http fetch GET 200 https://registry.npmjs.org/@radix-ui/react-use-layout-effect/-/react-use-layout-effect-1.1.0.tgz 475ms (cache miss)
320 http fetch GET 200 https://registry.npmjs.org/@radix-ui/react-primitive/-/react-primitive-2.0.0.tgz 490ms (cache miss)
321 http fetch GET 200 https://registry.npmjs.org/@radix-ui/react-dropdown-menu/-/react-dropdown-menu-2.1.1.tgz 495ms (cache miss)
322 http fetch GET 200 https://registry.npmjs.org/@radix-ui/primitive/-/primitive-1.1.0.tgz 524ms (cache miss)
323 http fetch GET 200 https://registry.npmjs.org/@radix-ui/react-portal/-/react-portal-1.1.1.tgz 545ms (cache miss)
324 http fetch GET 200 https://registry.npmjs.org/@radix-ui/react-use-size/-/react-use-size-1.1.0.tgz 594ms (cache miss)
325 http fetch GET 200 https://registry.npmjs.org/@radix-ui/react-use-rect/-/react-use-rect-1.1.0.tgz 598ms (cache miss)
326 http fetch GET 200 https://registry.npmjs.org/@radix-ui/react-id/-/react-id-1.1.0.tgz 583ms (cache miss)
327 http fetch GET 200 https://registry.npmjs.org/@radix-ui/react-presence/-/react-presence-1.1.0.tgz 598ms (cache miss)
328 http fetch GET 200 https://registry.npmjs.org/@radix-ui/react-arrow/-/react-arrow-1.1.0.tgz 605ms (cache miss)
329 http fetch GET 200 https://registry.npmjs.org/@radix-ui/react-context/-/react-context-1.1.0.tgz 586ms (cache miss)
330 http fetch GET 200 https://registry.npmjs.org/@floating-ui/core/-/core-1.6.8.tgz 649ms (cache miss)
331 http fetch GET 200 https://registry.npmjs.org/@radix-ui/react-menu/-/react-menu-2.1.1.tgz 624ms (cache miss)
332 http fetch GET 200 https://registry.npmjs.org/@floating-ui/dom/-/dom-1.6.11.tgz 699ms (cache miss)
333 http fetch GET 200 https://registry.npmjs.org/use-sidecar/-/use-sidecar-1.1.2.tgz 1852ms (cache miss)
334 silly ADD node_modules/detect-node-es
335 silly ADD node_modules/invariant
336 silly ADD node_modules/get-nonce
337 silly ADD node_modules/use-sidecar
338 silly ADD node_modules/use-callback-ref
339 silly ADD node_modules/react-style-singleton
340 silly ADD node_modules/react-remove-scroll-bar
341 silly ADD node_modules/@floating-ui/utils
342 silly ADD node_modules/@floating-ui/core
343 silly ADD node_modules/@floating-ui/dom
344 silly ADD node_modules/@radix-ui/rect
345 silly ADD node_modules/@radix-ui/react-use-size
346 silly ADD node_modules/@radix-ui/react-use-rect
347 silly ADD node_modules/@radix-ui/react-arrow
348 silly ADD node_modules/@floating-ui/react-dom
349 silly ADD node_modules/@radix-ui/react-use-escape-keydown
350 silly ADD node_modules/react-remove-scroll
351 silly ADD node_modules/aria-hidden
352 silly ADD node_modules/@radix-ui/react-use-callback-ref
353 silly ADD node_modules/@radix-ui/react-roving-focus
354 silly ADD node_modules/@radix-ui/react-presence
355 silly ADD node_modules/@radix-ui/react-portal
356 silly ADD node_modules/@radix-ui/react-popper
357 silly ADD node_modules/@radix-ui/react-focus-scope
358 silly ADD node_modules/@radix-ui/react-focus-guards
359 silly ADD node_modules/@radix-ui/react-dismissable-layer
360 silly ADD node_modules/@radix-ui/react-direction
361 silly ADD node_modules/@radix-ui/react-collection
362 silly ADD node_modules/@radix-ui/react-use-layout-effect
363 silly ADD node_modules/@radix-ui/react-use-controllable-state
364 silly ADD node_modules/@radix-ui/react-primitive
365 silly ADD node_modules/@radix-ui/react-menu
366 silly ADD node_modules/@radix-ui/react-id
367 silly ADD node_modules/@radix-ui/react-context
368 silly ADD node_modules/@radix-ui/primitive
369 silly ADD node_modules/@radix-ui/react-dropdown-menu
370 silly ADD
371 silly ADD
372 silly ADD
373 silly ADD
374 silly ADD
375 silly ADD
376 silly ADD
377 silly ADD
378 silly ADD
379 verbose cwd D:\Projects\turborepo-snef\apps\www
380 verbose os Windows_NT 10.0.22621
381 verbose node v20.9.0
382 verbose npm  v10.8.1
383 verbose exit 0
384 info ok
