0 verbose cli C:\Program Files\nodejs\node.exe C:\Program Files\nodejs\node_modules\npm\bin\npm-cli.js
1 info using npm@10.8.1
2 info using node@v20.9.0
3 silly config load:file:C:\Users\Acer\AppData\Roaming\nvm\v20.9.0\node_modules\npm\npmrc
4 info config found workspace root at D:\Projects\turborepo-snef
5 silly config load:file:D:\Projects\turborepo-snef\.npmrc
6 silly config load:file:C:\Users\Acer\.npmrc
7 silly config load:file:C:\Program Files\nodejs\etc\npmrc
8 verbose title npm install next-themes
9 verbose argv "install" "next-themes"
10 verbose logfile logs-max:10 dir:D:\Projects\turborepo-snef\apps\www\Projectsnpm-cache\_logs\2024-09-16T07_00_04_771Z-
11 verbose logfile D:\Projects\turborepo-snef\apps\www\Projectsnpm-cache\_logs\2024-09-16T07_00_04_771Z-debug-0.log
12 silly logfile start cleaning logs, removing 1 files
13 silly logfile done cleaning log files
14 silly packumentCache heap:2197815296 maxSize:549453824 maxEntrySize:274726912
15 verbose shrinkwrap failed to load node_modules/.package-lock.json out of date, updated: apps/www
16 silly idealTree buildDeps
17 silly fetch manifest next-themes@*
18 silly packumentCache full:https://registry.npmjs.org/next-themes cache-miss
19 http fetch GET 200 https://registry.npmjs.org/next-themes 2002ms (cache miss)
20 silly packumentCache full:https://registry.npmjs.org/next-themes set size:undefined disposed:false
21 silly fetch manifest react@18.3.1
22 silly packumentCache full:https://registry.npmjs.org/react cache-miss
23 http fetch GET 200 https://registry.npmjs.org/react 136ms (cache revalidated)
24 silly packumentCache full:https://registry.npmjs.org/react set size:4940395 disposed:false
25 silly fetch manifest react-dom@18.3.1
26 silly packumentCache full:https://registry.npmjs.org/react-dom cache-miss
27 http fetch GET 200 https://registry.npmjs.org/react-dom 960ms (cache miss)
28 silly packumentCache full:https://registry.npmjs.org/react-dom set size:undefined disposed:false
29 silly placeDep ROOT next-themes@0.3.0 OK for: www@0.1.0 want: *
30 silly reify moves {}
31 silly audit bulk request {
31 silly audit   www: [ '0.1.0' ],
31 silly audit   '@alloc/quick-lru': [ '5.2.0' ],
31 silly audit   '@ampproject/remapping': [ '2.3.0' ],
31 silly audit   '@babel/code-frame': [ '7.24.7' ],
31 silly audit   '@babel/compat-data': [ '7.25.4' ],
31 silly audit   '@babel/core': [ '7.25.2' ],
31 silly audit   semver: [ '6.3.1', '5.7.2', '7.6.3' ],
31 silly audit   '@babel/eslint-parser': [ '7.25.1' ],
31 silly audit   'eslint-visitor-keys': [ '2.1.0', '3.4.3' ],
31 silly audit   '@babel/generator': [ '7.25.6' ],
31 silly audit   '@babel/helper-compilation-targets': [ '7.25.2' ],
31 silly audit   '@babel/helper-module-imports': [ '7.24.7' ],
31 silly audit   '@babel/helper-module-transforms': [ '7.25.2' ],
31 silly audit   '@babel/helper-simple-access': [ '7.24.7' ],
31 silly audit   '@babel/helper-string-parser': [ '7.24.8' ],
31 silly audit   '@babel/helper-validator-identifier': [ '7.24.7' ],
31 silly audit   '@babel/helper-validator-option': [ '7.24.8' ],
31 silly audit   '@babel/helpers': [ '7.25.6' ],
31 silly audit   '@babel/highlight': [ '7.24.7' ],
31 silly audit   '@babel/parser': [ '7.25.6' ],
31 silly audit   '@babel/runtime-corejs3': [ '7.25.6' ],
31 silly audit   '@babel/template': [ '7.25.0' ],
31 silly audit   '@babel/traverse': [ '7.25.6' ],
31 silly audit   '@babel/types': [ '7.25.6' ],
31 silly audit   '@cspotcode/source-map-support': [ '0.8.1' ],
31 silly audit   '@jridgewell/trace-mapping': [ '0.3.9', '0.3.25' ],
31 silly audit   '@eslint-community/eslint-utils': [ '4.4.0' ],
31 silly audit   '@eslint-community/regexpp': [ '4.11.1' ],
31 silly audit   '@eslint/eslintrc': [ '2.1.4' ],
31 silly audit   'brace-expansion': [ '1.1.11', '2.0.1' ],
31 silly audit   globals: [ '13.24.0', '11.12.0' ],
31 silly audit   minimatch: [ '3.1.2', '9.0.3', '9.0.5' ],
31 silly audit   'type-fest': [ '0.20.2', '0.8.1', '0.6.0', '0.21.3' ],
31 silly audit   '@eslint/js': [ '8.57.0' ],
31 silly audit   '@humanwhocodes/config-array': [ '0.11.14' ],
31 silly audit   '@humanwhocodes/module-importer': [ '1.0.1' ],
31 silly audit   '@humanwhocodes/object-schema': [ '2.0.3' ],
31 silly audit   '@isaacs/cliui': [ '8.0.2' ],
31 silly audit   'ansi-regex': [ '6.1.0', '5.0.1' ],
31 silly audit   'ansi-styles': [ '6.2.1', '3.2.1', '4.3.0' ],
31 silly audit   'string-width': [ '5.1.2', '4.2.3' ],
31 silly audit   'strip-ansi': [ '7.1.0', '6.0.1' ],
31 silly audit   'wrap-ansi': [ '8.1.0', '6.2.0', '7.0.0' ],
31 silly audit   '@jridgewell/gen-mapping': [ '0.3.5' ],
31 silly audit   '@jridgewell/resolve-uri': [ '3.1.2' ],
31 silly audit   '@jridgewell/set-array': [ '1.2.1' ],
31 silly audit   '@jridgewell/sourcemap-codec': [ '1.5.0' ],
31 silly audit   '@microsoft/tsdoc': [ '0.14.2' ],
31 silly audit   '@microsoft/tsdoc-config': [ '0.16.2' ],
31 silly audit   resolve: [ '1.19.0', '2.0.0-next.5', '1.22.8' ],
31 silly audit   '@next/env': [ '14.2.6' ],
31 silly audit   '@next/eslint-plugin-next': [ '14.2.6' ],
31 silly audit   '@next/swc-darwin-arm64': [ '14.2.6' ],
31 silly audit   '@next/swc-darwin-x64': [ '14.2.6' ],
31 silly audit   '@next/swc-linux-arm64-gnu': [ '14.2.6' ],
31 silly audit   '@next/swc-linux-arm64-musl': [ '14.2.6' ],
31 silly audit   '@next/swc-linux-x64-gnu': [ '14.2.6' ],
31 silly audit   '@next/swc-linux-x64-musl': [ '14.2.6' ],
31 silly audit   '@next/swc-win32-arm64-msvc': [ '14.2.6' ],
31 silly audit   '@next/swc-win32-ia32-msvc': [ '14.2.6' ],
31 silly audit   '@next/swc-win32-x64-msvc': [ '14.2.6' ],
31 silly audit   '@nicolo-ribaudo/eslint-scope-5-internals': [ '5.1.1-v1' ],
31 silly audit   '@nodelib/fs.scandir': [ '2.1.5' ],
31 silly audit   '@nodelib/fs.stat': [ '2.0.5' ],
31 silly audit   '@nodelib/fs.walk': [ '1.2.8' ],
31 silly audit   '@nolyfill/is-core-module': [ '1.0.39' ],
31 silly audit   '@pkgjs/parseargs': [ '0.11.0' ],
31 silly audit   '@pkgr/core': [ '0.1.1' ],
31 silly audit   '@radix-ui/react-compose-refs': [ '1.1.0' ],
31 silly audit   '@radix-ui/react-slot': [ '1.1.0' ],
31 silly audit   '@rtsao/scc': [ '1.1.0' ],
31 silly audit   '@rushstack/eslint-patch': [ '1.10.4' ],
31 silly audit   '@swc/counter': [ '0.1.3' ],
31 silly audit   '@swc/helpers': [ '0.5.5' ],
31 silly audit   '@tailwindcss/typography': [ '0.5.15' ],
31 silly audit   'postcss-selector-parser': [ '6.0.10', '6.1.2' ],
31 silly audit   '@tootallnate/quickjs-emscripten': [ '0.23.0' ],
31 silly audit   '@tsconfig/node10': [ '1.0.11' ],
31 silly audit   '@tsconfig/node12': [ '1.0.11' ],
31 silly audit   '@tsconfig/node14': [ '1.0.3' ],
31 silly audit   '@tsconfig/node16': [ '1.0.4' ],
31 silly audit   '@turbo/gen': [ '1.13.4' ],
31 silly audit   '@turbo/workspaces': [ '1.13.4' ],
31 silly audit   '@types/eslint': [ '8.56.12' ],
31 silly audit   '@types/estree': [ '1.0.5' ],
31 silly audit   '@types/glob': [ '7.2.0' ],
31 silly audit   '@types/inquirer': [ '6.5.0' ],
31 silly audit   rxjs: [ '6.6.7', '7.8.1' ],
31 silly audit   tslib: [ '1.14.1', '2.7.0' ],
31 silly audit   '@types/json-schema': [ '7.0.15' ],
31 silly audit   '@types/json5': [ '0.0.29' ],
31 silly audit   '@types/minimatch': [ '5.1.2' ],
31 silly audit   '@types/node': [ '20.16.5' ],
31 silly audit   '@types/normalize-package-data': [ '2.4.4' ],
31 silly audit   '@types/prop-types': [ '15.7.12' ],
31 silly audit   '@types/react': [ '18.3.5' ],
31 silly audit   '@types/react-dom': [ '18.3.0' ],
31 silly audit   '@types/semver': [ '7.5.8' ],
31 silly audit   '@types/through': [ '0.0.33' ],
31 silly audit   '@types/tinycolor2': [ '1.4.6' ],
31 silly audit   '@typescript-eslint/eslint-plugin': [ '7.18.0', '6.21.0' ],
31 silly audit   '@typescript-eslint/parser': [ '7.18.0', '6.21.0', '7.2.0' ],
31 silly audit   '@typescript-eslint/scope-manager': [ '7.18.0', '6.21.0', '7.2.0', '5.62.0' ],
31 silly audit   '@typescript-eslint/type-utils': [ '7.18.0', '6.21.0' ],
31 silly audit   '@typescript-eslint/types': [ '7.18.0', '6.21.0', '7.2.0', '5.62.0' ],
31 silly audit   '@typescript-eslint/typescript-estree': [ '7.18.0', '6.21.0', '7.2.0', '5.62.0' ],
31 silly audit   '@typescript-eslint/utils': [ '7.18.0', '6.21.0', '5.62.0' ],
31 silly audit   '@typescript-eslint/visitor-keys': [ '7.18.0', '6.21.0', '7.2.0', '5.62.0' ],
31 silly audit   '@ungap/structured-clone': [ '1.2.0' ],
31 silly audit   '@vercel/style-guide': [ '5.2.0' ],
31 silly audit   acorn: [ '8.12.1' ],
31 silly audit   'acorn-jsx': [ '5.3.2' ],
31 silly audit   'acorn-walk': [ '8.3.4' ],
31 silly audit   'agent-base': [ '7.1.1' ],
31 silly audit   'aggregate-error': [ '3.1.0' ],
31 silly audit   ajv: [ '6.12.6' ],
31 silly audit   'ansi-escapes': [ '4.3.2' ],
31 silly audit   'any-promise': [ '1.3.0' ],
31 silly audit   anymatch: [ '3.1.3' ],
31 silly audit   arg: [ '4.1.3', '5.0.2' ],
31 silly audit   argparse: [ '2.0.1' ],
31 silly audit   'aria-query': [ '5.1.3' ],
31 silly audit   'array-buffer-byte-length': [ '1.0.1' ],
31 silly audit   'array-includes': [ '3.1.8' ],
31 silly audit   'array-union': [ '2.1.0' ],
31 silly audit   'array.prototype.findlast': [ '1.2.5' ],
31 silly audit   'array.prototype.findlastindex': [ '1.2.5' ],
31 silly audit   'array.prototype.flat': [ '1.3.2' ],
31 silly audit   'array.prototype.flatmap': [ '1.3.2' ],
31 silly audit   'array.prototype.tosorted': [ '1.1.4' ],
31 silly audit   'arraybuffer.prototype.slice': [ '1.0.3' ],
31 silly audit   'ast-types': [ '0.13.4' ],
31 silly audit   'ast-types-flow': [ '0.0.8' ],
31 silly audit   autoprefixer: [ '10.4.20' ],
31 silly audit   'available-typed-arrays': [ '1.0.7' ],
31 silly audit   'axe-core': [ '4.10.0' ],
31 silly audit   'axobject-query': [ '4.1.0' ],
31 silly audit   'balanced-match': [ '1.0.2' ],
31 silly audit   'base64-js': [ '1.5.1' ],
31 silly audit   'basic-ftp': [ '5.0.5' ],
31 silly audit   'binary-extensions': [ '2.3.0' ],
31 silly audit   bl: [ '4.1.0' ],
31 silly audit   braces: [ '3.0.3' ],
31 silly audit   browserslist: [ '4.23.3' ],
31 silly audit   buffer: [ '5.7.1' ],
31 silly audit   'builtin-modules': [ '3.3.0' ],
31 silly audit   busboy: [ '1.6.0' ],
31 silly audit   'call-bind': [ '1.0.7' ],
31 silly audit   callsites: [ '3.1.0' ],
31 silly audit   'camel-case': [ '3.0.0' ],
31 silly audit   'camelcase-css': [ '2.0.1' ],
31 silly audit   'caniuse-lite': [ '1.0.30001660' ],
31 silly audit   chalk: [ '2.4.2', '4.1.2', '3.0.0' ],
31 silly audit   'change-case': [ '3.1.0' ],
31 silly audit   chardet: [ '0.7.0' ],
31 silly audit   chokidar: [ '3.6.0' ],
31 silly audit   'glob-parent': [ '5.1.2', '6.0.2' ],
31 silly audit   'ci-info': [ '3.9.0' ],
31 silly audit   'class-variance-authority': [ '0.7.0' ],
31 silly audit   clsx: [ '2.0.0', '2.1.1' ],
31 silly audit   'clean-regexp': [ '1.0.0' ],
31 silly audit   'clean-stack': [ '2.2.0' ],
31 silly audit   'cli-cursor': [ '3.1.0' ],
31 silly audit   'cli-spinners': [ '2.9.2' ],
31 silly audit   'cli-width': [ '3.0.0' ],
31 silly audit   'client-only': [ '0.0.1' ],
31 silly audit   clone: [ '1.0.4' ],
31 silly audit   'color-convert': [ '1.9.3', '2.0.1' ],
31 silly audit   'color-name': [ '1.1.3', '1.1.4' ],
31 silly audit   commander: [ '10.0.1', '4.1.1' ],
31 silly audit   'concat-map': [ '0.0.1' ],
31 silly audit   'constant-case': [ '2.0.0' ],
31 silly audit   'convert-source-map': [ '2.0.0' ],
31 silly audit   'core-js-pure': [ '3.38.1' ],
31 silly audit   'create-require': [ '1.1.1' ],
31 silly audit   'cross-spawn': [ '7.0.3' ],
31 silly audit   cssesc: [ '3.0.0' ],
31 silly audit   csstype: [ '3.1.3' ],
31 silly audit   'damerau-levenshtein': [ '1.0.8' ],
31 silly audit   'data-uri-to-buffer': [ '6.0.2' ],
31 silly audit   'data-view-buffer': [ '1.0.1' ],
31 silly audit   'data-view-byte-length': [ '1.0.1' ],
31 silly audit   'data-view-byte-offset': [ '1.0.0' ],
31 silly audit   debug: [ '4.3.7', '3.2.7' ],
31 silly audit   'deep-equal': [ '2.2.3' ],
31 silly audit   'deep-extend': [ '0.6.0' ],
31 silly audit   'deep-is': [ '0.1.4' ],
31 silly audit   defaults: [ '1.0.4' ],
31 silly audit   'define-data-property': [ '1.1.4' ],
31 silly audit   'define-properties': [ '1.2.1' ],
31 silly audit   degenerator: [ '5.0.1' ],
31 silly audit   del: [ '5.1.0' ],
31 silly audit   glob: [ '7.2.3', '10.3.10' ],
31 silly audit   globby: [ '10.0.2', '11.1.0', '13.2.2' ],
31 silly audit   'detect-indent': [ '7.0.1' ],
31 silly audit   'detect-newline': [ '4.0.1' ],
31 silly audit   didyoumean: [ '1.2.2' ],
31 silly audit   diff: [ '4.0.2' ],
31 silly audit   'dir-glob': [ '3.0.1' ],
31 silly audit   dlv: [ '1.1.3' ],
31 silly audit   doctrine: [ '3.0.0', '2.1.0' ],
31 silly audit   'dot-case': [ '2.1.1' ],
31 silly audit   dotenv: [ '16.0.3' ],
31 silly audit   eastasianwidth: [ '0.2.0' ],
31 silly audit   'electron-to-chromium': [ '1.5.23' ],
31 silly audit   'embla-carousel': [ '8.3.0' ],
31 silly audit   'embla-carousel-react': [ '8.3.0' ],
31 silly audit   'embla-carousel-reactive-utils': [ '8.3.0' ],
31 silly audit   'emoji-regex': [ '9.2.2', '8.0.0' ],
31 silly audit   'enhanced-resolve': [ '5.17.1' ],
31 silly audit   'error-ex': [ '1.3.2' ],
31 silly audit   'es-abstract': [ '1.23.3' ],
31 silly audit   'es-define-property': [ '1.0.0' ],
31 silly audit   'es-errors': [ '1.3.0' ],
31 silly audit   'es-get-iterator': [ '1.1.3' ],
31 silly audit   'es-iterator-helpers': [ '1.0.19' ],
31 silly audit   'es-object-atoms': [ '1.0.0' ],
31 silly audit   'es-set-tostringtag': [ '2.0.3' ],
31 silly audit   'es-shim-unscopables': [ '1.0.2' ],
31 silly audit   'es-to-primitive': [ '1.2.1' ],
31 silly audit   escalade: [ '3.2.0' ],
31 silly audit   'escape-string-regexp': [ '1.0.5', '4.0.0' ],
31 silly audit   escodegen: [ '2.1.0' ],
31 silly audit   eslint: [ '8.57.0' ],
31 silly audit   'eslint-config-next': [ '14.2.6' ],
31 silly audit   'eslint-config-prettier': [ '9.1.0' ],
31 silly audit   'eslint-config-turbo': [ '2.1.2' ],
31 silly audit   'eslint-import-resolver-alias': [ '1.1.2' ],
31 silly audit   'eslint-import-resolver-node': [ '0.3.9' ],
31 silly audit   'eslint-import-resolver-typescript': [ '3.6.3' ],
31 silly audit   'eslint-module-utils': [ '2.11.0' ],
31 silly audit   'eslint-plugin-eslint-comments': [ '3.2.0' ],
31 silly audit   'eslint-plugin-import': [ '2.30.0' ],
31 silly audit   'eslint-plugin-jest': [ '27.9.0' ],
31 silly audit   'eslint-plugin-jsx-a11y': [ '6.10.0' ],
31 silly audit   'eslint-plugin-only-warn': [ '1.1.0' ],
31 silly audit   'eslint-plugin-playwright': [ '0.16.0' ],
31 silly audit   'eslint-plugin-react': [ '7.36.1' ],
31 silly audit   'eslint-plugin-react-hooks': [ '4.6.2' ],
31 silly audit   'eslint-plugin-testing-library': [ '6.3.0' ],
31 silly audit   'eslint-plugin-tsdoc': [ '0.2.17' ],
31 silly audit   'eslint-plugin-turbo': [ '2.1.2' ],
31 silly audit   'eslint-plugin-unicorn': [ '48.0.1' ],
31 silly audit   jsesc: [ '3.0.2', '2.5.2', '0.5.0' ],
31 silly audit   'eslint-scope': [ '5.1.1', '7.2.2' ],
31 silly audit   estraverse: [ '4.3.0', '5.3.0' ],
31 silly audit   'has-flag': [ '4.0.0', '3.0.0' ],
31 silly audit   'supports-color': [ '7.2.0', '5.5.0' ],
31 silly audit   espree: [ '9.6.1' ],
31 silly audit   esprima: [ '4.0.1' ],
31 silly audit   esquery: [ '1.6.0' ],
31 silly audit   esrecurse: [ '4.3.0' ],
31 silly audit   esutils: [ '2.0.3' ],
31 silly audit   execa: [ '5.1.1' ],
31 silly audit   'external-editor': [ '3.1.0' ],
31 silly audit   'fast-deep-equal': [ '3.1.3' ],
31 silly audit   'fast-glob': [ '3.3.2' ],
31 silly audit   'fast-json-stable-stringify': [ '2.1.0' ],
31 silly audit   'fast-levenshtein': [ '2.0.6' ],
31 silly audit   fastq: [ '1.17.1' ],
31 silly audit   figures: [ '3.2.0' ],
31 silly audit   'file-entry-cache': [ '6.0.1' ],
31 silly audit   'fill-range': [ '7.1.1' ],
31 silly audit   'find-up': [ '5.0.0', '4.1.0' ],
31 silly audit   'flat-cache': [ '3.2.0' ],
31 silly audit   flatted: [ '3.3.1' ],
31 silly audit   'for-each': [ '0.3.3' ],
31 silly audit   'foreground-child': [ '3.3.0' ],
31 silly audit   'signal-exit': [ '4.1.0', '3.0.7' ],
31 silly audit   'fraction.js': [ '4.3.7' ],
31 silly audit   'fs-extra': [ '10.1.0', '11.2.0' ],
31 silly audit   'fs.realpath': [ '1.0.0' ],
31 silly audit   fsevents: [ '2.3.3' ],
31 silly audit   'function-bind': [ '1.1.2' ],
31 silly audit   'function.prototype.name': [ '1.1.6' ],
31 silly audit   'functions-have-names': [ '1.2.3' ],
31 silly audit   gensync: [ '1.0.0-beta.2' ],
31 silly audit   'get-intrinsic': [ '1.2.4' ],
31 silly audit   'get-stdin': [ '9.0.0' ],
31 silly audit   'get-stream': [ '6.0.1' ],
31 silly audit   'get-symbol-description': [ '1.0.2' ],
31 silly audit   'get-tsconfig': [ '4.8.1' ],
31 silly audit   'get-uri': [ '6.0.3' ],
31 silly audit   'git-hooks-list': [ '3.1.0' ],
31 silly audit   globalthis: [ '1.0.4' ],
31 silly audit   gopd: [ '1.0.1' ],
31 silly audit   'graceful-fs': [ '4.2.11' ],
31 silly audit   'gradient-string': [ '2.0.2' ],
31 silly audit   graphemer: [ '1.4.0' ],
31 silly audit   handlebars: [ '4.7.8' ],
31 silly audit   'has-bigints': [ '1.0.2' ],
31 silly audit   'has-property-descriptors': [ '1.0.2' ],
31 silly audit   'has-proto': [ '1.0.3' ],
31 silly audit   'has-symbols': [ '1.0.3' ],
31 silly audit   'has-tostringtag': [ '1.0.2' ],
31 silly audit   hasown: [ '2.0.2' ],
31 silly audit   'header-case': [ '1.0.1' ],
31 silly audit   'hosted-git-info': [ '2.8.9' ],
31 silly audit   'http-proxy-agent': [ '7.0.2' ],
31 silly audit   'https-proxy-agent': [ '7.0.5' ],
31 silly audit   'human-signals': [ '2.1.0' ],
31 silly audit   'iconv-lite': [ '0.4.24' ],
31 silly audit   ieee754: [ '1.2.1' ],
31 silly audit   ignore: [ '5.3.2' ],
31 silly audit   'import-fresh': [ '3.3.0' ],
31 silly audit   imurmurhash: [ '0.1.4' ],
31 silly audit   'indent-string': [ '4.0.0' ],
31 silly audit   inflight: [ '1.0.6' ],
31 silly audit   inherits: [ '2.0.4' ],
31 silly audit   ini: [ '1.3.8' ],
31 silly audit   inquirer: [ '8.2.6', '7.3.3' ],
31 silly audit   'log-symbols': [ '4.1.0', '3.0.0' ],
31 silly audit   ora: [ '5.4.1', '4.1.1' ],
31 silly audit   'internal-slot': [ '1.0.7' ],
31 silly audit   'ip-address': [ '9.0.5' ],
31 silly audit   'is-arguments': [ '1.1.1' ],
31 silly audit   'is-array-buffer': [ '3.0.4' ],
31 silly audit   'is-arrayish': [ '0.2.1' ],
31 silly audit   'is-async-function': [ '2.0.0' ],
31 silly audit   'is-bigint': [ '1.0.4' ],
31 silly audit   'is-binary-path': [ '2.1.0' ],
31 silly audit   'is-boolean-object': [ '1.1.2' ],
31 silly audit   'is-builtin-module': [ '3.2.1' ],
31 silly audit   'is-bun-module': [ '1.2.1' ],
31 silly audit   'is-callable': [ '1.2.7' ],
31 silly audit   'is-core-module': [ '2.15.1' ],
31 silly audit   'is-data-view': [ '1.0.1' ],
31 silly audit   'is-date-object': [ '1.0.5' ],
31 silly audit   'is-extglob': [ '2.1.1' ],
31 silly audit   'is-finalizationregistry': [ '1.0.2' ],
31 silly audit   'is-fullwidth-code-point': [ '3.0.0' ],
31 silly audit   'is-generator-function': [ '1.0.10' ],
31 silly audit   'is-glob': [ '4.0.3' ],
31 silly audit   'is-interactive': [ '1.0.0' ],
31 silly audit   'is-lower-case': [ '1.1.3' ],
31 silly audit   'is-map': [ '2.0.3' ],
31 silly audit   'is-negative-zero': [ '2.0.3' ],
31 silly audit   'is-number': [ '7.0.0' ],
31 silly audit   'is-number-object': [ '1.0.7' ],
31 silly audit   'is-path-cwd': [ '2.2.0' ],
31 silly audit   'is-path-inside': [ '3.0.3' ],
31 silly audit   'is-plain-obj': [ '4.1.0' ],
31 silly audit   'is-regex': [ '1.1.4' ],
31 silly audit   'is-set': [ '2.0.3' ],
31 silly audit   'is-shared-array-buffer': [ '1.0.3' ],
31 silly audit   'is-stream': [ '2.0.1' ],
31 silly audit   'is-string': [ '1.0.7' ],
31 silly audit   'is-symbol': [ '1.0.4' ],
31 silly audit   'is-typed-array': [ '1.1.13' ],
31 silly audit   'is-unicode-supported': [ '0.1.0' ],
31 silly audit   'is-upper-case': [ '1.1.2' ],
31 silly audit   'is-weakmap': [ '2.0.2' ],
31 silly audit   'is-weakref': [ '1.0.2' ],
31 silly audit   'is-weakset': [ '2.0.3' ],
31 silly audit   isarray: [ '2.0.5' ],
31 silly audit   isbinaryfile: [ '4.0.10' ],
31 silly audit   isexe: [ '2.0.0' ],
31 silly audit   'iterator.prototype': [ '1.1.2' ],
31 silly audit   jackspeak: [ '2.3.6' ],
31 silly audit   jiti: [ '1.21.6' ],
31 silly audit   jju: [ '1.4.0' ],
31 silly audit   'js-tokens': [ '4.0.0' ],
31 silly audit   'js-yaml': [ '4.1.0' ],
31 silly audit   jsbn: [ '1.1.0' ],
31 silly audit   'json-buffer': [ '3.0.1' ],
31 silly audit   'json-parse-even-better-errors': [ '2.3.1' ],
31 silly audit   'json-schema-traverse': [ '0.4.1' ],
31 silly audit   'json-stable-stringify-without-jsonify': [ '1.0.1' ],
31 silly audit   json5: [ '2.2.3', '1.0.2' ],
31 silly audit   jsonfile: [ '6.1.0' ],
31 silly audit   'jsx-ast-utils': [ '3.3.5' ],
31 silly audit   keyv: [ '4.5.4' ],
31 silly audit   'language-subtag-registry': [ '0.3.23' ],
31 silly audit   'language-tags': [ '1.0.9' ],
31 silly audit   levn: [ '0.4.1' ],
31 silly audit   lilconfig: [ '2.1.0', '3.1.2' ],
31 silly audit   'lines-and-columns': [ '1.2.4' ],
31 silly audit   'locate-path': [ '6.0.0', '5.0.0' ],
31 silly audit   lodash: [ '4.17.21' ],
31 silly audit   'lodash.castarray': [ '4.4.0' ],
31 silly audit   'lodash.get': [ '4.4.2' ],
31 silly audit   'lodash.isplainobject': [ '4.0.6' ],
31 silly audit   'lodash.merge': [ '4.6.2' ],
31 silly audit   'loose-envify': [ '1.4.0' ],
31 silly audit   'lower-case': [ '1.1.4' ],
31 silly audit   'lower-case-first': [ '1.0.2' ],
31 silly audit   'lru-cache': [ '5.1.1', '10.4.3', '7.18.3' ],
31 silly audit   'lucide-react': [ '0.441.0' ],
31 silly audit   'make-error': [ '1.3.6' ],
31 silly audit   'merge-stream': [ '2.0.0' ],
31 silly audit   merge2: [ '1.4.1' ],
31 silly audit   micromatch: [ '4.0.8' ],
31 silly audit   'mimic-fn': [ '2.1.0' ],
31 silly audit   'min-indent': [ '1.0.1' ],
31 silly audit   minimist: [ '1.2.8' ],
31 silly audit   minipass: [ '7.1.2' ],
31 silly audit   mkdirp: [ '0.5.6' ],
31 silly audit   ms: [ '2.1.3' ],
31 silly audit   'mute-stream': [ '0.0.8' ],
31 silly audit   mz: [ '2.7.0' ],
31 silly audit   nanoid: [ '3.3.7' ],
31 silly audit   'natural-compare': [ '1.4.0' ],
31 silly audit   'neo-async': [ '2.6.2' ],
31 silly audit   netmask: [ '2.0.2' ],
31 silly audit   next: [ '14.2.6' ],
31 silly audit   'no-case': [ '2.3.2' ],
31 silly audit   'node-plop': [ '0.26.3' ],
31 silly audit   'node-releases': [ '2.0.18' ],
31 silly audit   'normalize-package-data': [ '2.5.0' ],
31 silly audit   'normalize-path': [ '3.0.0' ],
31 silly audit   'normalize-range': [ '0.1.2' ],
31 silly audit   'npm-run-path': [ '4.0.1' ],
31 silly audit   'object-assign': [ '4.1.1' ],
31 silly audit   'object-hash': [ '3.0.0' ],
31 silly audit   'object-inspect': [ '1.13.2' ],
31 silly audit   'object-is': [ '1.1.6' ],
31 silly audit   'object-keys': [ '1.1.1' ],
31 silly audit   'object.assign': [ '4.1.5' ],
31 silly audit   'object.entries': [ '1.1.8' ],
31 silly audit   'object.fromentries': [ '2.0.8' ],
31 silly audit   'object.groupby': [ '1.0.3' ],
31 silly audit   'object.values': [ '1.2.0' ],
31 silly audit   once: [ '1.4.0' ],
31 silly audit   onetime: [ '5.1.2' ],
31 silly audit   optionator: [ '0.9.4' ],
31 silly audit   'os-tmpdir': [ '1.0.2' ],
31 silly audit   'p-limit': [ '3.1.0', '2.3.0' ],
31 silly audit   'p-locate': [ '5.0.0', '4.1.0' ],
31 silly audit   'p-map': [ '3.0.0' ],
31 silly audit   'p-try': [ '2.2.0' ],
31 silly audit   'pac-proxy-agent': [ '7.0.2' ],
31 silly audit   'pac-resolver': [ '7.0.1' ],
31 silly audit   'param-case': [ '2.1.1' ],
31 silly audit   'parent-module': [ '1.0.1' ],
31 silly audit   'parse-json': [ '5.2.0' ],
31 silly audit   'pascal-case': [ '2.0.1' ],
31 silly audit   'path-case': [ '2.1.1' ],
31 silly audit   'path-exists': [ '4.0.0' ],
31 silly audit   'path-is-absolute': [ '1.0.1' ],
31 silly audit   'path-key': [ '3.1.1' ],
31 silly audit   'path-parse': [ '1.0.7' ],
31 silly audit   'path-scurry': [ '1.11.1' ],
31 silly audit   'path-type': [ '4.0.0' ],
31 silly audit   picocolors: [ '1.1.0' ],
31 silly audit   picomatch: [ '2.3.1' ],
31 silly audit   pify: [ '2.3.0' ],
31 silly audit   pirates: [ '4.0.6' ],
31 silly audit   pluralize: [ '8.0.0' ],
31 silly audit   'possible-typed-array-names': [ '1.0.0' ],
31 silly audit   postcss: [ '8.4.31' ],
31 silly audit   'postcss-import': [ '15.1.0' ],
31 silly audit   'postcss-js': [ '4.0.1' ],
31 silly audit   'postcss-load-config': [ '4.0.2' ],
31 silly audit   'postcss-nested': [ '6.2.0' ],
31 silly audit   'postcss-value-parser': [ '4.2.0' ],
31 silly audit   'prelude-ls': [ '1.2.1' ],
31 silly audit   prettier: [ '3.3.3' ],
31 silly audit   'prettier-plugin-packagejson': [ '2.5.2' ],
31 silly audit   'prop-types': [ '15.8.1' ],
31 silly audit   'proxy-agent': [ '6.4.0' ],
31 silly audit   'proxy-from-env': [ '1.1.0' ],
31 silly audit   punycode: [ '2.3.1' ],
31 silly audit   'queue-microtask': [ '1.2.3' ],
31 silly audit   rc: [ '1.2.8' ],
31 silly audit   'strip-json-comments': [ '2.0.1', '3.1.1' ],
31 silly audit   react: [ '18.3.1' ],
31 silly audit   'react-dom': [ '18.3.1' ],
31 silly audit   'react-icons': [ '5.3.0' ],
31 silly audit   'react-is': [ '16.13.1' ],
31 silly audit   'read-cache': [ '1.0.0' ],
31 silly audit   'read-pkg': [ '5.2.0' ],
31 silly audit   'read-pkg-up': [ '7.0.1' ],
31 silly audit   'readable-stream': [ '3.6.2' ],
31 silly audit   readdirp: [ '3.6.0' ],
31 silly audit   'reflect.getprototypeof': [ '1.0.6' ],
31 silly audit   'regenerator-runtime': [ '0.14.1' ],
31 silly audit   'regexp-tree': [ '0.1.27' ],
31 silly audit   'regexp.prototype.flags': [ '1.5.2' ],
31 silly audit   'registry-auth-token': [ '3.3.2' ],
31 silly audit   'registry-url': [ '3.1.0' ],
31 silly audit   regjsparser: [ '0.10.0' ],
31 silly audit   'resolve-from': [ '4.0.0' ],
31 silly audit   'resolve-pkg-maps': [ '1.0.0' ],
31 silly audit   'restore-cursor': [ '3.1.0' ],
31 silly audit   reusify: [ '1.0.4' ],
31 silly audit   rimraf: [ '3.0.2' ],
31 silly audit   'run-async': [ '2.4.1' ],
31 silly audit   'run-parallel': [ '1.2.0' ],
31 silly audit   'safe-array-concat': [ '1.1.2' ],
31 silly audit   'safe-buffer': [ '5.2.1' ],
31 silly audit   'safe-regex-test': [ '1.0.3' ],
31 silly audit   'safer-buffer': [ '2.1.2' ],
31 silly audit   scheduler: [ '0.23.2' ],
31 silly audit   'sentence-case': [ '2.1.1' ],
31 silly audit   'set-function-length': [ '1.2.2' ],
31 silly audit   'set-function-name': [ '2.0.2' ],
31 silly audit   'shebang-command': [ '2.0.0' ],
31 silly audit   'shebang-regex': [ '3.0.0' ],
31 silly audit   'side-channel': [ '1.0.6' ],
31 silly audit   slash: [ '3.0.0', '4.0.0' ],
31 silly audit   'smart-buffer': [ '4.2.0' ],
31 silly audit   'snake-case': [ '2.1.0' ],
31 silly audit   socks: [ '2.8.3' ],
31 silly audit   'socks-proxy-agent': [ '8.0.4' ],
31 silly audit   'sort-object-keys': [ '1.1.3' ],
31 silly audit   'sort-package-json': [ '2.10.1' ],
31 silly audit   'source-map': [ '0.6.1' ],
31 silly audit   'source-map-js': [ '1.2.1' ],
31 silly audit   'spdx-correct': [ '3.2.0' ],
31 silly audit   'spdx-exceptions': [ '2.5.0' ],
31 silly audit   'spdx-expression-parse': [ '3.0.1' ],
31 silly audit   'spdx-license-ids': [ '3.0.20' ],
31 silly audit   'sprintf-js': [ '1.1.3' ],
31 silly audit   'stop-iteration-iterator': [ '1.0.0' ],
31 silly audit   streamsearch: [ '1.1.0' ],
31 silly audit   string_decoder: [ '1.3.0' ],
31 silly audit   'string.prototype.includes': [ '2.0.0' ],
31 silly audit   'string.prototype.matchall': [ '4.0.11' ],
31 silly audit   'string.prototype.repeat': [ '1.0.0' ],
31 silly audit   'string.prototype.trim': [ '1.2.9' ],
31 silly audit   'string.prototype.trimend': [ '1.0.8' ],
31 silly audit   'string.prototype.trimstart': [ '1.0.8' ],
31 silly audit   'strip-bom': [ '3.0.0' ],
31 silly audit   'strip-final-newline': [ '2.0.0' ],
31 silly audit   'strip-indent': [ '3.0.0' ],
31 silly audit   'styled-jsx': [ '5.1.1' ],
31 silly audit   sucrase: [ '3.35.0' ],
31 silly audit   'supports-preserve-symlinks-flag': [ '1.0.0' ],
31 silly audit   'swap-case': [ '1.1.2' ],
31 silly audit   synckit: [ '0.9.1' ],
31 silly audit   'tailwind-merge': [ '2.5.2' ],
31 silly audit   tailwindcss: [ '3.4.11' ],
31 silly audit   'tailwindcss-animate': [ '1.0.7' ],
31 silly audit   tapable: [ '2.2.1' ],
31 silly audit   'text-table': [ '0.2.0' ],
31 silly audit   thenify: [ '3.3.1' ],
31 silly audit   'thenify-all': [ '1.6.0' ],
31 silly audit   through: [ '2.3.8' ],
31 silly audit   tinycolor2: [ '1.6.0' ],
31 silly audit   tinygradient: [ '1.1.5' ],
31 silly audit   'title-case': [ '2.1.1' ],
31 silly audit   tmp: [ '0.0.33' ],
31 silly audit   'to-fast-properties': [ '2.0.0' ],
31 silly audit   'to-regex-range': [ '5.0.1' ],
31 silly audit   'ts-api-utils': [ '1.3.0' ],
31 silly audit   'ts-interface-checker': [ '0.1.13' ],
31 silly audit   'ts-node': [ '10.9.2' ],
31 silly audit   'tsconfig-paths': [ '3.15.0' ],
31 silly audit   tsutils: [ '3.21.0' ],
31 silly audit   'type-check': [ '0.4.0' ],
31 silly audit   'typed-array-buffer': [ '1.0.2' ],
31 silly audit   'typed-array-byte-length': [ '1.0.1' ],
31 silly audit   'typed-array-byte-offset': [ '1.0.2' ],
31 silly audit   'typed-array-length': [ '1.0.6' ],
31 silly audit   typescript: [ '5.6.2' ],
31 silly audit   'uglify-js': [ '3.19.3' ],
31 silly audit   'unbox-primitive': [ '1.0.2' ],
31 silly audit   'undici-types': [ '6.19.8' ],
31 silly audit   universalify: [ '2.0.1' ],
31 silly audit   'update-browserslist-db': [ '1.1.0' ],
31 silly audit   'update-check': [ '1.5.4' ],
31 silly audit   'upper-case': [ '1.1.3' ],
31 silly audit   'upper-case-first': [ '1.1.2' ],
31 silly audit   'uri-js': [ '4.4.1' ],
31 silly audit   'util-deprecate': [ '1.0.2' ],
31 silly audit   'v8-compile-cache-lib': [ '3.0.1' ],
31 silly audit   'validate-npm-package-license': [ '3.0.4' ],
31 silly audit   'validate-npm-package-name': [ '5.0.1' ],
31 silly audit   wcwidth: [ '1.0.1' ],
31 silly audit   which: [ '2.0.2' ],
31 silly audit   'which-boxed-primitive': [ '1.0.2' ],
31 silly audit   'which-builtin-type': [ '1.1.4' ],
31 silly audit   'which-collection': [ '1.0.2' ],
31 silly audit   'which-typed-array': [ '1.1.15' ],
31 silly audit   'word-wrap': [ '1.2.5' ],
31 silly audit   wordwrap: [ '1.0.0' ],
31 silly audit   wrappy: [ '1.0.2' ],
31 silly audit   yallist: [ '3.1.1' ],
31 silly audit   yaml: [ '2.5.1' ],
31 silly audit   yn: [ '3.1.1' ],
31 silly audit   'yocto-queue': [ '0.1.0' ],
31 silly audit   '@repo/eslint-config': [ '0.0.0' ],
31 silly audit   '@repo/typescript-config': [ '0.0.0' ],
31 silly audit   '@repo/ui': [ '0.0.0' ],
31 silly audit   'next-themes': [ '0.3.0' ]
31 silly audit }
32 verbose reify failed optional dependency D:\Projects\turborepo-snef\node_modules\fsevents
33 silly reify mark deleted [ 'D:\\Projects\\turborepo-snef\\node_modules\\fsevents' ]
34 verbose reify failed optional dependency D:\Projects\turborepo-snef\node_modules\@next\swc-win32-ia32-msvc
35 silly reify mark deleted [
35 silly reify   'D:\\Projects\\turborepo-snef\\node_modules\\@next\\swc-win32-ia32-msvc'
35 silly reify ]
36 verbose reify failed optional dependency D:\Projects\turborepo-snef\node_modules\@next\swc-win32-arm64-msvc
37 silly reify mark deleted [
37 silly reify   'D:\\Projects\\turborepo-snef\\node_modules\\@next\\swc-win32-arm64-msvc'
37 silly reify ]
38 verbose reify failed optional dependency D:\Projects\turborepo-snef\node_modules\@next\swc-linux-x64-musl
39 silly reify mark deleted [
39 silly reify   'D:\\Projects\\turborepo-snef\\node_modules\\@next\\swc-linux-x64-musl'
39 silly reify ]
40 verbose reify failed optional dependency D:\Projects\turborepo-snef\node_modules\@next\swc-linux-x64-gnu
41 silly reify mark deleted [
41 silly reify   'D:\\Projects\\turborepo-snef\\node_modules\\@next\\swc-linux-x64-gnu'
41 silly reify ]
42 verbose reify failed optional dependency D:\Projects\turborepo-snef\node_modules\@next\swc-linux-arm64-musl
43 silly reify mark deleted [
43 silly reify   'D:\\Projects\\turborepo-snef\\node_modules\\@next\\swc-linux-arm64-musl'
43 silly reify ]
44 verbose reify failed optional dependency D:\Projects\turborepo-snef\node_modules\@next\swc-linux-arm64-gnu
45 silly reify mark deleted [
45 silly reify   'D:\\Projects\\turborepo-snef\\node_modules\\@next\\swc-linux-arm64-gnu'
45 silly reify ]
46 verbose reify failed optional dependency D:\Projects\turborepo-snef\node_modules\@next\swc-darwin-x64
47 silly reify mark deleted [ 'D:\\Projects\\turborepo-snef\\node_modules\\@next\\swc-darwin-x64' ]
48 verbose reify failed optional dependency D:\Projects\turborepo-snef\node_modules\@next\swc-darwin-arm64
49 silly reify mark deleted [
49 silly reify   'D:\\Projects\\turborepo-snef\\node_modules\\@next\\swc-darwin-arm64'
49 silly reify ]
50 silly tarball no local data for next-themes@https://registry.npmjs.org/next-themes/-/next-themes-0.3.0.tgz. Extracting by manifest.
51 http fetch GET 200 https://registry.npmjs.org/next-themes/-/next-themes-0.3.0.tgz 191ms (cache miss)
52 http fetch POST 200 https://registry.npmjs.org/-/npm/v1/security/advisories/bulk 1308ms
53 silly audit report {}
54 silly ADD node_modules/next-themes
55 silly ADD
56 silly ADD
57 silly ADD
58 silly ADD
59 silly ADD
60 silly ADD
61 silly ADD
62 silly ADD
63 silly ADD
64 verbose cwd D:\Projects\turborepo-snef\apps\www
65 verbose os Windows_NT 10.0.22621
66 verbose node v20.9.0
67 verbose npm  v10.8.1
68 verbose exit 0
69 info ok
