0 verbose cli C:\Program Files\nodejs\node.exe C:\Users\Acer\AppData\Roaming\nvm\v20.9.0\node_modules\npm\bin\npm-cli.js
1 info using npm@10.8.1
2 info using node@v20.9.0
3 silly config load:file:C:\Users\Acer\AppData\Roaming\nvm\v20.9.0\node_modules\npm\npmrc
4 info config found workspace root at D:\Projects\turborepo-snef
5 silly config load:file:D:\Projects\turborepo-snef\.npmrc
6 silly config load:file:C:\Users\Acer\.npmrc
7 silly config load:file:C:\Program Files\nodejs\etc\npmrc
8 verbose title npm exec shadcn@latest add dropdown-menu
9 verbose argv "exec" "--" "shadcn@latest" "add" "dropdown-menu"
10 verbose logfile logs-max:10 dir:D:\Projects\turborepo-snef\apps\www\Projectsnpm-cache\_logs\2024-09-17T08_10_47_726Z-
11 verbose logfile D:\Projects\turborepo-snef\apps\www\Projectsnpm-cache\_logs\2024-09-17T08_10_47_726Z-debug-0.log
12 silly logfile start cleaning logs, removing 1 files
13 silly logfile done cleaning log files
14 silly packumentCache heap:2197815296 maxSize:549453824 maxEntrySize:274726912
15 http fetch GET 200 https://registry.npmjs.org/shadcn 616ms (cache revalidated)
16 silly packumentCache heap:2197815296 maxSize:549453824 maxEntrySize:274726912
17 silly packumentCache heap:2197815296 maxSize:549453824 maxEntrySize:274726912
18 verbose cwd D:\Projects\turborepo-snef\apps\www
19 verbose os Windows_NT 10.0.22621
20 verbose node v20.9.0
21 verbose npm  v10.8.1
22 verbose exit 1
23 verbose code 1
